
*** Running vivado
    with args -log Lab5.vdi -applog -m64 -product Vivado -messageDb vivado.pb -mode batch -source Lab5.tcl -notrace


****** Vivado v2019.2 (64-bit)
  **** SW Build 2708876 on Wed Nov  6 21:40:23 MST 2019
  **** IP Build 2700528 on Thu Nov  7 00:09:20 MST 2019
    ** Copyright 1986-2019 Xilinx, Inc. All Rights Reserved.

source Lab5.tcl -notrace
INFO: [IP_Flow 19-234] Refreshing IP repositories
INFO: [IP_Flow 19-1700] Loaded user IP repository 'c:/Users/user/Documents/清大/大二/硬體設計與實驗/lab5/lab5_template/lab5/ip'.
INFO: [IP_Flow 19-2313] Loaded Vivado IP repository 'C:/Xilinx/Vivado/2019.2/data/ip'.
Command: link_design -top Lab5 -part xc7a35tcpg236-1
Design is defaulting to srcset: sources_1
Design is defaulting to constrset: constrs_1
INFO: [Device 21-403] Loading part xc7a35tcpg236-1
INFO: [Project 1-454] Reading design checkpoint 'c:/Users/user/verilog501/verilog501.srcs/sources_1/ip/KeyboardCtrl_0/KeyboardCtrl_0.dcp' for cell 'key_de/inst'
Netlist sorting complete. Time (s): cpu = 00:00:00 ; elapsed = 00:00:00.005 . Memory (MB): peak = 561.746 ; gain = 0.000
INFO: [Netlist 29-17] Analyzing 116 Unisim elements for replacement
INFO: [Netlist 29-28] Unisim Transformation completed in 0 CPU seconds
INFO: [Project 1-479] Netlist was created with Vivado 2019.2
INFO: [Project 1-570] Preparing netlist for logic optimization
Parsing XDC File [C:/Users/user/verilog501/verilog501.srcs/constrs_1/imports/lab5_template/keyboard_sample/KeyboardConstraints.xdc]
Finished Parsing XDC File [C:/Users/user/verilog501/verilog501.srcs/constrs_1/imports/lab5_template/keyboard_sample/KeyboardConstraints.xdc]
Parsing XDC File [C:/Users/user/verilog501/verilog501.srcs/constrs_1/imports/lab5_template/lab5/Basys3_Constraints.xdc]
Finished Parsing XDC File [C:/Users/user/verilog501/verilog501.srcs/constrs_1/imports/lab5_template/lab5/Basys3_Constraints.xdc]
INFO: [Opt 31-138] Pushed 0 inverter(s) to 0 load pin(s).
Netlist sorting complete. Time (s): cpu = 00:00:00 ; elapsed = 00:00:00 . Memory (MB): peak = 680.402 ; gain = 0.000
INFO: [Project 1-111] Unisim Transformation Summary:
  A total of 2 instances were transformed.
  IOBUF => IOBUF (IBUF, OBUFT): 2 instances

11 Infos, 0 Warnings, 0 Critical Warnings and 0 Errors encountered.
link_design completed successfully
INFO: [Project 1-1073] Cannot write hardware definition file as there are no IPI block design hardware handoff files present
Command: opt_design
Attempting to get a license for feature 'Implementation' and/or device 'xc7a35t'
INFO: [Common 17-349] Got license for feature 'Implementation' and/or device 'xc7a35t'
Running DRC as a precondition to command opt_design

Starting DRC Task
INFO: [DRC 23-27] Running DRC with 2 threads
INFO: [Project 1-461] DRC finished with 0 Errors
INFO: [Project 1-462] Please refer to the DRC report (report_drc) for more information.

Time (s): cpu = 00:00:00 ; elapsed = 00:00:00.482 . Memory (MB): peak = 700.422 ; gain = 20.020

Starting Cache Timing Information Task
INFO: [Timing 38-35] Done setting XDC timing constraints.
Ending Cache Timing Information Task | Checksum: 141651d03

Time (s): cpu = 00:00:04 ; elapsed = 00:00:07 . Memory (MB): peak = 1246.781 ; gain = 546.359

Starting Logic Optimization Task

Phase 1 Retarget
INFO: [Opt 31-138] Pushed 0 inverter(s) to 0 load pin(s).
INFO: [Opt 31-49] Retargeted 0 cell(s).
Phase 1 Retarget | Checksum: 17d26f851

Time (s): cpu = 00:00:00 ; elapsed = 00:00:00.078 . Memory (MB): peak = 1440.906 ; gain = 0.000
INFO: [Opt 31-389] Phase Retarget created 0 cells and removed 1 cells

Phase 2 Constant propagation
INFO: [Opt 31-138] Pushed 0 inverter(s) to 0 load pin(s).
Phase 2 Constant propagation | Checksum: 1c29b9975

Time (s): cpu = 00:00:00 ; elapsed = 00:00:00.092 . Memory (MB): peak = 1440.906 ; gain = 0.000
INFO: [Opt 31-389] Phase Constant propagation created 0 cells and removed 0 cells

Phase 3 Sweep
Phase 3 Sweep | Checksum: 12896eed4

Time (s): cpu = 00:00:00 ; elapsed = 00:00:00.120 . Memory (MB): peak = 1440.906 ; gain = 0.000
INFO: [Opt 31-389] Phase Sweep created 14 cells and removed 0 cells

Phase 4 BUFG optimization
INFO: [Opt 31-1112] Starts optimizing BUFG(s) with a common MMCM/DPLL/XPLL driver.
INFO: [Opt 31-1112] Starts optimizing BUFG(s) with a common driver.
INFO: [Opt 31-1092] Phase BUFG optimization transformed 0 BUFG(s) to MBUFG(s).
Phase 4 BUFG optimization | Checksum: 12896eed4

Time (s): cpu = 00:00:00 ; elapsed = 00:00:00.147 . Memory (MB): peak = 1440.906 ; gain = 0.000
INFO: [Opt 31-662] Phase BUFG optimization created 0 cells of which 0 are BUFGs and removed 0 cells.

Phase 5 Shift Register Optimization
INFO: [Opt 31-1064] SRL Remap converted 0 SRLs to 0 registers and converted 0 registers of register chains to 0 SRLs
Phase 5 Shift Register Optimization | Checksum: 12896eed4

Time (s): cpu = 00:00:00 ; elapsed = 00:00:00.159 . Memory (MB): peak = 1440.906 ; gain = 0.000
INFO: [Opt 31-389] Phase Shift Register Optimization created 0 cells and removed 0 cells

Phase 6 Post Processing Netlist
Phase 6 Post Processing Netlist | Checksum: 12896eed4

Time (s): cpu = 00:00:00 ; elapsed = 00:00:00.165 . Memory (MB): peak = 1440.906 ; gain = 0.000
INFO: [Opt 31-389] Phase Post Processing Netlist created 0 cells and removed 0 cells
Opt_design Change Summary
=========================


-------------------------------------------------------------------------------------------------------------------------
|  Phase                        |  #Cells created  |  #Cells Removed  |  #Constrained objects preventing optimizations  |
-------------------------------------------------------------------------------------------------------------------------
|  Retarget                     |               0  |               1  |                                              0  |
|  Constant propagation         |               0  |               0  |                                              0  |
|  Sweep                        |              14  |               0  |                                              0  |
|  BUFG optimization            |               0  |               0  |                                              0  |
|  Shift Register Optimization  |               0  |               0  |                                              0  |
|  Post Processing Netlist      |               0  |               0  |                                              0  |
-------------------------------------------------------------------------------------------------------------------------



Starting Connectivity Check Task

Time (s): cpu = 00:00:00 ; elapsed = 00:00:00.002 . Memory (MB): peak = 1440.906 ; gain = 0.000
Ending Logic Optimization Task | Checksum: 16862dcd8

Time (s): cpu = 00:00:00 ; elapsed = 00:00:00.192 . Memory (MB): peak = 1440.906 ; gain = 0.000

Starting Power Optimization Task
INFO: [Pwropt 34-132] Skipping clock gating for clocks with a period < 2.00 ns.
Ending Power Optimization Task | Checksum: 16862dcd8

Time (s): cpu = 00:00:00 ; elapsed = 00:00:00.022 . Memory (MB): peak = 1440.906 ; gain = 0.000

Starting Final Cleanup Task
Ending Final Cleanup Task | Checksum: 16862dcd8

Time (s): cpu = 00:00:00 ; elapsed = 00:00:00 . Memory (MB): peak = 1440.906 ; gain = 0.000

Starting Netlist Obfuscation Task
Netlist sorting complete. Time (s): cpu = 00:00:00 ; elapsed = 00:00:00 . Memory (MB): peak = 1440.906 ; gain = 0.000
Ending Netlist Obfuscation Task | Checksum: 16862dcd8

Time (s): cpu = 00:00:00 ; elapsed = 00:00:00 . Memory (MB): peak = 1440.906 ; gain = 0.000
INFO: [Common 17-83] Releasing license: Implementation
32 Infos, 0 Warnings, 0 Critical Warnings and 0 Errors encountered.
opt_design completed successfully
opt_design: Time (s): cpu = 00:00:05 ; elapsed = 00:00:10 . Memory (MB): peak = 1440.906 ; gain = 760.504
Netlist sorting complete. Time (s): cpu = 00:00:00 ; elapsed = 00:00:00.001 . Memory (MB): peak = 1440.906 ; gain = 0.000
INFO: [Timing 38-480] Writing timing data to binary archive.
Writing placer database...
Writing XDEF routing.
Writing XDEF routing logical nets.
Writing XDEF routing special nets.
Write XDEF Complete: Time (s): cpu = 00:00:00 ; elapsed = 00:00:00.031 . Memory (MB): peak = 1440.906 ; gain = 0.000
INFO: [Common 17-1381] The checkpoint 'C:/Users/user/verilog501/verilog501.runs/impl_1/Lab5_opt.dcp' has been generated.
INFO: [runtcl-4] Executing : report_drc -file Lab5_drc_opted.rpt -pb Lab5_drc_opted.pb -rpx Lab5_drc_opted.rpx
Command: report_drc -file Lab5_drc_opted.rpt -pb Lab5_drc_opted.pb -rpx Lab5_drc_opted.rpx
INFO: [IP_Flow 19-1839] IP Catalog is up to date.
INFO: [DRC 23-27] Running DRC with 2 threads
INFO: [Coretcl 2-168] The results of DRC are in file C:/Users/user/verilog501/verilog501.runs/impl_1/Lab5_drc_opted.rpt.
report_drc completed successfully
Command: place_design
Attempting to get a license for feature 'Implementation' and/or device 'xc7a35t'
INFO: [Common 17-349] Got license for feature 'Implementation' and/or device 'xc7a35t'
INFO: [DRC 23-27] Running DRC with 2 threads
INFO: [Vivado_Tcl 4-198] DRC finished with 0 Errors
INFO: [Vivado_Tcl 4-199] Please refer to the DRC report (report_drc) for more information.
Running DRC as a precondition to command place_design
INFO: [DRC 23-27] Running DRC with 2 threads
INFO: [Vivado_Tcl 4-198] DRC finished with 0 Errors
INFO: [Vivado_Tcl 4-199] Please refer to the DRC report (report_drc) for more information.

Starting Placer Task
INFO: [Place 30-611] Multithreading enabled for place_design using a maximum of 2 CPUs

Phase 1 Placer Initialization

Phase 1.1 Placer Initialization Netlist Sorting
Netlist sorting complete. Time (s): cpu = 00:00:00 ; elapsed = 00:00:00 . Memory (MB): peak = 1440.906 ; gain = 0.000
Phase 1.1 Placer Initialization Netlist Sorting | Checksum: 1618eb3bb

Time (s): cpu = 00:00:00 ; elapsed = 00:00:00.016 . Memory (MB): peak = 1440.906 ; gain = 0.000
Netlist sorting complete. Time (s): cpu = 00:00:00 ; elapsed = 00:00:00.001 . Memory (MB): peak = 1440.906 ; gain = 0.000

Phase 1.2 IO Placement/ Clock Placement/ Build Placer Device
INFO: [Timing 38-35] Done setting XDC timing constraints.
Phase 1.2 IO Placement/ Clock Placement/ Build Placer Device | Checksum: 1e85dd110

Time (s): cpu = 00:00:00 ; elapsed = 00:00:00.547 . Memory (MB): peak = 1440.906 ; gain = 0.000

Phase 1.3 Build Placer Netlist Model
Phase 1.3 Build Placer Netlist Model | Checksum: 258344ab0

Time (s): cpu = 00:00:00 ; elapsed = 00:00:00.793 . Memory (MB): peak = 1440.906 ; gain = 0.000

Phase 1.4 Constrain Clocks/Macros
Phase 1.4 Constrain Clocks/Macros | Checksum: 258344ab0

Time (s): cpu = 00:00:00 ; elapsed = 00:00:00.795 . Memory (MB): peak = 1440.906 ; gain = 0.000
Phase 1 Placer Initialization | Checksum: 258344ab0

Time (s): cpu = 00:00:00 ; elapsed = 00:00:00.805 . Memory (MB): peak = 1440.906 ; gain = 0.000

Phase 2 Global Placement

Phase 2.1 Floorplanning
Phase 2.1 Floorplanning | Checksum: 2e26cfbd1

Time (s): cpu = 00:00:00 ; elapsed = 00:00:00.917 . Memory (MB): peak = 1440.906 ; gain = 0.000

Phase 2.2 Global Placement Core

Phase 2.2.1 Physical Synthesis In Placer
INFO: [Physopt 32-1018] Found 17 candidate LUT instances to create LUTNM shape
INFO: [Physopt 32-775] End 1 Pass. Optimized 7 nets or cells. Created 0 new cell, deleted 7 existing cells and moved 0 existing cell
INFO: [Physopt 32-65] No nets found for high-fanout optimization.
INFO: [Physopt 32-232] Optimized 0 net. Created 0 new instance.
INFO: [Physopt 32-775] End 1 Pass. Optimized 0 net or cell. Created 0 new cell, deleted 0 existing cell and moved 0 existing cell
INFO: [Physopt 32-456] No candidate cells for DSP register optimization found in the design.
INFO: [Physopt 32-775] End 2 Pass. Optimized 0 net or cell. Created 0 new cell, deleted 0 existing cell and moved 0 existing cell
INFO: [Physopt 32-775] End 1 Pass. Optimized 0 net or cell. Created 0 new cell, deleted 0 existing cell and moved 0 existing cell
INFO: [Physopt 32-677] No candidate cells for Shift Register optimization found in the design
INFO: [Physopt 32-775] End 1 Pass. Optimized 0 net or cell. Created 0 new cell, deleted 0 existing cell and moved 0 existing cell
INFO: [Physopt 32-526] No candidate cells for BRAM register optimization found in the design
INFO: [Physopt 32-775] End 1 Pass. Optimized 0 net or cell. Created 0 new cell, deleted 0 existing cell and moved 0 existing cell
INFO: [Physopt 32-949] No candidate nets found for HD net replication
INFO: [Physopt 32-775] End 1 Pass. Optimized 0 net or cell. Created 0 new cell, deleted 0 existing cell and moved 0 existing cell
Netlist sorting complete. Time (s): cpu = 00:00:00 ; elapsed = 00:00:00 . Memory (MB): peak = 1440.906 ; gain = 0.000

Summary of Physical Synthesis Optimizations
============================================


-----------------------------------------------------------------------------------------------------------------------------------------------------------
|  Optimization                                     |  Added Cells  |  Removed Cells  |  Optimized Cells/Nets  |  Dont Touch  |  Iterations  |  Elapsed   |
-----------------------------------------------------------------------------------------------------------------------------------------------------------
|  LUT Combining                                    |            0  |              7  |                     7  |           0  |           1  |  00:00:00  |
|  Very High Fanout                                 |            0  |              0  |                     0  |           0  |           1  |  00:00:00  |
|  DSP Register                                     |            0  |              0  |                     0  |           0  |           1  |  00:00:00  |
|  Shift Register to Pipeline                       |            0  |              0  |                     0  |           0  |           1  |  00:00:00  |
|  Shift Register                                   |            0  |              0  |                     0  |           0  |           1  |  00:00:00  |
|  BRAM Register                                    |            0  |              0  |                     0  |           0  |           1  |  00:00:00  |
|  Dynamic/Static Region Interface Net Replication  |            0  |              0  |                     0  |           0  |           1  |  00:00:00  |
|  Total                                            |            0  |              7  |                     7  |           0  |           7  |  00:00:00  |
-----------------------------------------------------------------------------------------------------------------------------------------------------------


Phase 2.2.1 Physical Synthesis In Placer | Checksum: 19e3ce533

Time (s): cpu = 00:00:01 ; elapsed = 00:00:02 . Memory (MB): peak = 1440.906 ; gain = 0.000
Phase 2.2 Global Placement Core | Checksum: 1e6e6f21c

Time (s): cpu = 00:00:01 ; elapsed = 00:00:03 . Memory (MB): peak = 1440.906 ; gain = 0.000
Phase 2 Global Placement | Checksum: 1e6e6f21c

Time (s): cpu = 00:00:01 ; elapsed = 00:00:03 . Memory (MB): peak = 1440.906 ; gain = 0.000

Phase 3 Detail Placement

Phase 3.1 Commit Multi Column Macros
Phase 3.1 Commit Multi Column Macros | Checksum: 19a9364ee

Time (s): cpu = 00:00:01 ; elapsed = 00:00:03 . Memory (MB): peak = 1440.906 ; gain = 0.000

Phase 3.2 Commit Most Macros & LUTRAMs
Phase 3.2 Commit Most Macros & LUTRAMs | Checksum: 22402932c

Time (s): cpu = 00:00:01 ; elapsed = 00:00:03 . Memory (MB): peak = 1440.906 ; gain = 0.000

Phase 3.3 Area Swap Optimization
Phase 3.3 Area Swap Optimization | Checksum: 263796629

Time (s): cpu = 00:00:01 ; elapsed = 00:00:03 . Memory (MB): peak = 1440.906 ; gain = 0.000

Phase 3.4 Pipeline Register Optimization
Phase 3.4 Pipeline Register Optimization | Checksum: 239f2ebe8

Time (s): cpu = 00:00:01 ; elapsed = 00:00:03 . Memory (MB): peak = 1440.906 ; gain = 0.000

Phase 3.5 Fast Optimization
Phase 3.5 Fast Optimization | Checksum: 1a823b70d

Time (s): cpu = 00:00:02 ; elapsed = 00:00:04 . Memory (MB): peak = 1440.906 ; gain = 0.000

Phase 3.6 Small Shape Detail Placement
Phase 3.6 Small Shape Detail Placement | Checksum: 1dab6bd2a

Time (s): cpu = 00:00:02 ; elapsed = 00:00:04 . Memory (MB): peak = 1440.906 ; gain = 0.000

Phase 3.7 Re-assign LUT pins
Phase 3.7 Re-assign LUT pins | Checksum: 1451b3922

Time (s): cpu = 00:00:02 ; elapsed = 00:00:04 . Memory (MB): peak = 1440.906 ; gain = 0.000

Phase 3.8 Pipeline Register Optimization
Phase 3.8 Pipeline Register Optimization | Checksum: 112a096c1

Time (s): cpu = 00:00:02 ; elapsed = 00:00:04 . Memory (MB): peak = 1440.906 ; gain = 0.000

Phase 3.9 Fast Optimization
Phase 3.9 Fast Optimization | Checksum: 1d9bee72c

Time (s): cpu = 00:00:03 ; elapsed = 00:00:06 . Memory (MB): peak = 1440.906 ; gain = 0.000
Phase 3 Detail Placement | Checksum: 1d9bee72c

Time (s): cpu = 00:00:03 ; elapsed = 00:00:06 . Memory (MB): peak = 1440.906 ; gain = 0.000

Phase 4 Post Placement Optimization and Clean-Up

Phase 4.1 Post Commit Optimization
INFO: [Timing 38-35] Done setting XDC timing constraints.

Phase 4.1.1 Post Placement Optimization
Post Placement Optimization Initialization | Checksum: 1d487a611

Phase 4.1.1.1 BUFG Insertion
INFO: [Place 46-56] BUFG insertion identified 0 candidate nets. Inserted BUFG: 0, Replicated BUFG Driver: 0, Skipped due to Placement/Routing Conflicts: 0, Skipped due to Timing Degradation: 0, Skipped due to Illegal Netlist: 0.
Phase 4.1.1.1 BUFG Insertion | Checksum: 1d487a611

Time (s): cpu = 00:00:03 ; elapsed = 00:00:06 . Memory (MB): peak = 1441.688 ; gain = 0.781
INFO: [Place 30-746] Post Placement Timing Summary WNS=-11.677. For the most accurate timing information please run report_timing.
Phase 4.1.1 Post Placement Optimization | Checksum: 166231252

Time (s): cpu = 00:00:03 ; elapsed = 00:00:10 . Memory (MB): peak = 1441.688 ; gain = 0.781
Phase 4.1 Post Commit Optimization | Checksum: 166231252

Time (s): cpu = 00:00:03 ; elapsed = 00:00:10 . Memory (MB): peak = 1441.688 ; gain = 0.781

Phase 4.2 Post Placement Cleanup
Phase 4.2 Post Placement Cleanup | Checksum: 166231252

Time (s): cpu = 00:00:03 ; elapsed = 00:00:10 . Memory (MB): peak = 1441.688 ; gain = 0.781

Phase 4.3 Placer Reporting
Phase 4.3 Placer Reporting | Checksum: 166231252

Time (s): cpu = 00:00:03 ; elapsed = 00:00:10 . Memory (MB): peak = 1441.688 ; gain = 0.781

Phase 4.4 Final Placement Cleanup
Netlist sorting complete. Time (s): cpu = 00:00:00 ; elapsed = 00:00:00 . Memory (MB): peak = 1441.688 ; gain = 0.000
Phase 4.4 Final Placement Cleanup | Checksum: 18a0be6ea

Time (s): cpu = 00:00:03 ; elapsed = 00:00:10 . Memory (MB): peak = 1441.688 ; gain = 0.781
Phase 4 Post Placement Optimization and Clean-Up | Checksum: 18a0be6ea

Time (s): cpu = 00:00:03 ; elapsed = 00:00:10 . Memory (MB): peak = 1441.688 ; gain = 0.781
Ending Placer Task | Checksum: abfb28b5

Time (s): cpu = 00:00:03 ; elapsed = 00:00:10 . Memory (MB): peak = 1441.688 ; gain = 0.781
INFO: [Common 17-83] Releasing license: Implementation
65 Infos, 0 Warnings, 0 Critical Warnings and 0 Errors encountered.
place_design completed successfully
place_design: Time (s): cpu = 00:00:04 ; elapsed = 00:00:11 . Memory (MB): peak = 1441.688 ; gain = 0.781
Netlist sorting complete. Time (s): cpu = 00:00:00 ; elapsed = 00:00:00.001 . Memory (MB): peak = 1441.688 ; gain = 0.000
INFO: [Timing 38-480] Writing timing data to binary archive.
Writing placer database...
Writing XDEF routing.
Writing XDEF routing logical nets.
Writing XDEF routing special nets.
Write XDEF Complete: Time (s): cpu = 00:00:01 ; elapsed = 00:00:00.100 . Memory (MB): peak = 1442.762 ; gain = 1.074
INFO: [Common 17-1381] The checkpoint 'C:/Users/user/verilog501/verilog501.runs/impl_1/Lab5_placed.dcp' has been generated.
INFO: [runtcl-4] Executing : report_io -file Lab5_io_placed.rpt
report_io: Time (s): cpu = 00:00:00 ; elapsed = 00:00:00.036 . Memory (MB): peak = 1442.762 ; gain = 0.000
INFO: [runtcl-4] Executing : report_utilization -file Lab5_utilization_placed.rpt -pb Lab5_utilization_placed.pb
INFO: [runtcl-4] Executing : report_control_sets -verbose -file Lab5_control_sets_placed.rpt
report_control_sets: Time (s): cpu = 00:00:00 ; elapsed = 00:00:00.003 . Memory (MB): peak = 1442.762 ; gain = 0.000
Command: phys_opt_design
Attempting to get a license for feature 'Implementation' and/or device 'xc7a35t'
INFO: [Common 17-349] Got license for feature 'Implementation' and/or device 'xc7a35t'
Netlist sorting complete. Time (s): cpu = 00:00:00 ; elapsed = 00:00:00.001 . Memory (MB): peak = 1457.730 ; gain = 0.000

Starting Physical Synthesis Task

Phase 1 Physical Synthesis Initialization
INFO: [Physopt 32-721] Multithreading enabled for phys_opt_design using a maximum of 2 CPUs
INFO: [Physopt 32-619] Estimated Timing Summary | WNS=-11.677 | TNS=-390.210 |
Phase 1 Physical Synthesis Initialization | Checksum: 890439ae

Time (s): cpu = 00:00:00 ; elapsed = 00:00:00.792 . Memory (MB): peak = 1457.730 ; gain = 0.000
INFO: [Physopt 32-619] Estimated Timing Summary | WNS=-11.677 | TNS=-390.210 |

Phase 2 DSP Register Optimization
INFO: [Physopt 32-456] No candidate cells for DSP register optimization found in the design.
INFO: [Physopt 32-775] End 2 Pass. Optimized 0 net or cell. Created 0 new cell, deleted 0 existing cell and moved 0 existing cell
Phase 2 DSP Register Optimization | Checksum: 890439ae

Time (s): cpu = 00:00:00 ; elapsed = 00:00:00.804 . Memory (MB): peak = 1457.730 ; gain = 0.000

Phase 3 Critical Path Optimization
INFO: [Physopt 32-619] Estimated Timing Summary | WNS=-11.677 | TNS=-390.210 |
INFO: [Physopt 32-702] Processed net nums_reg[3]_P_n_0. Optimizations did not improve timing on the net.
INFO: [Physopt 32-81] Processed net item_price__0[3]. Replicated 2 times.
INFO: [Physopt 32-735] Processed net item_price__0[3]. Optimization improves timing on the net.
INFO: [Physopt 32-619] Estimated Timing Summary | WNS=-11.520 | TNS=-383.459 |
INFO: [Physopt 32-572] Net item_price__0[3]_repN was not replicated.
Resolution: phys_opt_design can be forced to replicate a net driver using the option -force_replication_on_nets <list of net objects>.
INFO: [Physopt 32-662] Processed net item_price__0[3]_repN.  Did not re-place instance item_price_reg[3]_replica
INFO: [Physopt 32-81] Processed net item_price__0[3]_repN. Replicated 3 times.
INFO: [Physopt 32-735] Processed net item_price__0[3]_repN. Optimization improves timing on the net.
INFO: [Physopt 32-619] Estimated Timing Summary | WNS=-11.516 | TNS=-382.699 |
INFO: [Physopt 32-662] Processed net item_price__0[3]_repN_2.  Did not re-place instance item_price_reg[3]_replica_2
INFO: [Physopt 32-572] Net item_price__0[3]_repN_2 was not replicated.
Resolution: phys_opt_design can be forced to replicate a net driver using the option -force_replication_on_nets <list of net objects>.
INFO: [Physopt 32-702] Processed net item_price__0[3]_repN_2. Optimizations did not improve timing on the net.
INFO: [Physopt 32-662] Processed net key_de/nums[3]_P_i_5_n_0.  Did not re-place instance key_de/nums[3]_P_i_5
INFO: [Physopt 32-710] Processed net key_de/p_3_out[3]. Critical path length was reduced through logic transformation on cell key_de/nums[3]_P_i_1_comp.
INFO: [Physopt 32-735] Processed net key_de/nums[3]_P_i_5_n_0. Optimization improves timing on the net.
INFO: [Physopt 32-619] Estimated Timing Summary | WNS=-11.404 | TNS=-382.536 |
INFO: [Physopt 32-702] Processed net money_1[1]. Optimizations did not improve timing on the net.
INFO: [Physopt 32-662] Processed net money_1[1]_i_3_n_0.  Did not re-place instance money_1[1]_i_3
INFO: [Physopt 32-572] Net money_1[1]_i_3_n_0 was not replicated.
Resolution: phys_opt_design can be forced to replicate a net driver using the option -force_replication_on_nets <list of net objects>.
INFO: [Physopt 32-702] Processed net money_1[1]_i_3_n_0. Optimizations did not improve timing on the net.
INFO: [Physopt 32-662] Processed net money_10[1]_i_3_n_0.  Did not re-place instance money_10[1]_i_3
INFO: [Physopt 32-572] Net money_10[1]_i_3_n_0 was not replicated.
Resolution: phys_opt_design can be forced to replicate a net driver using the option -force_replication_on_nets <list of net objects>.
INFO: [Physopt 32-735] Processed net money_10[1]_i_3_n_0. Optimization improves timing on the net.
INFO: [Physopt 32-619] Estimated Timing Summary | WNS=-11.360 | TNS=-382.003 |
INFO: [Physopt 32-702] Processed net money_1[2]. Optimizations did not improve timing on the net.
INFO: [Physopt 32-662] Processed net money_1[2]_i_3_n_0.  Did not re-place instance money_1[2]_i_3
INFO: [Physopt 32-735] Processed net money_1[2]_i_3_n_0. Optimization improves timing on the net.
INFO: [Physopt 32-619] Estimated Timing Summary | WNS=-11.353 | TNS=-381.911 |
INFO: [Physopt 32-702] Processed net nums0[3]. Optimizations did not improve timing on the net.
INFO: [Physopt 32-662] Processed net pay_1[3]_i_4_n_0.  Did not re-place instance pay_1[3]_i_4
INFO: [Physopt 32-702] Processed net pay_1[3]_i_4_n_0. Optimizations did not improve timing on the net.
INFO: [Physopt 32-662] Processed net pay_10[0]_i_3_n_0.  Did not re-place instance pay_10[0]_i_3
INFO: [Physopt 32-572] Net pay_10[0]_i_3_n_0 was not replicated.
Resolution: phys_opt_design can be forced to replicate a net driver using the option -force_replication_on_nets <list of net objects>.
INFO: [Physopt 32-735] Processed net pay_10[0]_i_3_n_0. Optimization improves timing on the net.
INFO: [Physopt 32-619] Estimated Timing Summary | WNS=-11.311 | TNS=-381.775 |
INFO: [Physopt 32-662] Processed net money_1[3]_i_14_n_0.  Did not re-place instance money_1[3]_i_14
INFO: [Physopt 32-572] Net money_1[3]_i_14_n_0 was not replicated.
Resolution: phys_opt_design can be forced to replicate a net driver using the option -force_replication_on_nets <list of net objects>.
INFO: [Physopt 32-735] Processed net money_1[3]_i_14_n_0. Optimization improves timing on the net.
INFO: [Physopt 32-619] Estimated Timing Summary | WNS=-11.289 | TNS=-381.492 |
INFO: [Physopt 32-702] Processed net nums_reg[2]_C_n_0. Optimizations did not improve timing on the net.
INFO: [Physopt 32-662] Processed net key_de/nums[2]_C_i_5_n_0.  Did not re-place instance key_de/nums[2]_C_i_5
INFO: [Physopt 32-710] Processed net key_de/p_3_out[2]. Critical path length was reduced through logic transformation on cell key_de/nums[2]_C_i_1_comp.
INFO: [Physopt 32-735] Processed net key_de/nums[2]_C_i_5_n_0. Optimization improves timing on the net.
INFO: [Physopt 32-619] Estimated Timing Summary | WNS=-11.285 | TNS=-380.991 |
INFO: [Physopt 32-662] Processed net pay_10[0]_i_3_n_0.  Did not re-place instance pay_10[0]_i_3
INFO: [Physopt 32-572] Net pay_10[0]_i_3_n_0 was not replicated.
Resolution: phys_opt_design can be forced to replicate a net driver using the option -force_replication_on_nets <list of net objects>.
INFO: [Physopt 32-702] Processed net pay_10[0]_i_3_n_0. Optimizations did not improve timing on the net.
INFO: [Physopt 32-702] Processed net nums1[5]. Optimizations did not improve timing on the net.
INFO: [Physopt 32-662] Processed net pay_10[3]_i_5_n_0.  Did not re-place instance pay_10[3]_i_5
INFO: [Physopt 32-702] Processed net pay_10[3]_i_5_n_0. Optimizations did not improve timing on the net.
INFO: [Physopt 32-662] Processed net pay_10[3]_i_12_n_0.  Did not re-place instance pay_10[3]_i_12
INFO: [Physopt 32-572] Net pay_10[3]_i_12_n_0 was not replicated.
Resolution: phys_opt_design can be forced to replicate a net driver using the option -force_replication_on_nets <list of net objects>.
INFO: [Physopt 32-702] Processed net pay_10[3]_i_12_n_0. Optimizations did not improve timing on the net.
INFO: [Physopt 32-572] Net item_num[1]_i_3_n_0 was not replicated.
Resolution: phys_opt_design can be forced to replicate a net driver using the option -force_replication_on_nets <list of net objects>.
INFO: [Physopt 32-662] Processed net item_num[1]_i_3_n_0.  Did not re-place instance item_num[1]_i_3
INFO: [Physopt 32-572] Net item_num[1]_i_3_n_0 was not replicated.
Resolution: phys_opt_design can be forced to replicate a net driver using the option -force_replication_on_nets <list of net objects>.
INFO: [Physopt 32-702] Processed net item_num[1]_i_3_n_0. Optimizations did not improve timing on the net.
INFO: [Physopt 32-572] Net item_num[3]_i_5_n_0 was not replicated.
Resolution: phys_opt_design can be forced to replicate a net driver using the option -force_replication_on_nets <list of net objects>.
INFO: [Physopt 32-662] Processed net item_num[3]_i_5_n_0.  Did not re-place instance item_num[3]_i_5
INFO: [Physopt 32-710] Processed net item_num[1]_i_3_n_0. Critical path length was reduced through logic transformation on cell item_num[1]_i_3_comp.
INFO: [Physopt 32-735] Processed net item_num[3]_i_5_n_0. Optimization improves timing on the net.
INFO: [Physopt 32-619] Estimated Timing Summary | WNS=-11.027 | TNS=-373.951 |
INFO: [Physopt 32-662] Processed net item_num[3]_i_18_n_0.  Did not re-place instance item_num[3]_i_18
INFO: [Physopt 32-710] Processed net item_num[1]_i_3_n_0. Critical path length was reduced through logic transformation on cell item_num[1]_i_3_comp_1.
INFO: [Physopt 32-735] Processed net item_num[3]_i_18_n_0. Optimization improves timing on the net.
INFO: [Physopt 32-619] Estimated Timing Summary | WNS=-10.999 | TNS=-371.869 |
INFO: [Physopt 32-662] Processed net pay_10[1]_i_2_n_0.  Did not re-place instance pay_10[1]_i_2
INFO: [Physopt 32-572] Net pay_10[1]_i_2_n_0 was not replicated.
Resolution: phys_opt_design can be forced to replicate a net driver using the option -force_replication_on_nets <list of net objects>.
INFO: [Physopt 32-735] Processed net pay_10[1]_i_2_n_0. Optimization improves timing on the net.
INFO: [Physopt 32-619] Estimated Timing Summary | WNS=-10.956 | TNS=-370.743 |
INFO: [Physopt 32-572] Net get_item_num[3]_i_3_n_0 was not replicated.
Resolution: phys_opt_design can be forced to replicate a net driver using the option -force_replication_on_nets <list of net objects>.
INFO: [Physopt 32-662] Processed net get_item_num[3]_i_3_n_0.  Did not re-place instance get_item_num[3]_i_3
INFO: [Physopt 32-572] Net get_item_num[3]_i_3_n_0 was not replicated.
Resolution: phys_opt_design can be forced to replicate a net driver using the option -force_replication_on_nets <list of net objects>.
INFO: [Physopt 32-702] Processed net get_item_num[3]_i_3_n_0. Optimizations did not improve timing on the net.
INFO: [Physopt 32-572] Net item_num[3]_i_5_n_0 was not replicated.
Resolution: phys_opt_design can be forced to replicate a net driver using the option -force_replication_on_nets <list of net objects>.
INFO: [Physopt 32-662] Processed net item_num[3]_i_5_n_0.  Did not re-place instance item_num[3]_i_5
INFO: [Physopt 32-134] Processed net item_num[3]_i_5_n_0. Rewiring did not optimize the net.
INFO: [Physopt 32-572] Net item_num[3]_i_5_n_0 was not replicated.
Resolution: phys_opt_design can be forced to replicate a net driver using the option -force_replication_on_nets <list of net objects>.
INFO: [Physopt 32-702] Processed net item_num[3]_i_5_n_0. Optimizations did not improve timing on the net.
INFO: [Physopt 32-662] Processed net item_num[3]_i_18_n_0.  Did not re-place instance item_num[3]_i_18
INFO: [Physopt 32-710] Processed net item_num[3]_i_5_n_0. Critical path length was reduced through logic transformation on cell item_num[3]_i_5_comp_1.
INFO: [Physopt 32-735] Processed net item_num[3]_i_18_n_0. Optimization improves timing on the net.
INFO: [Physopt 32-619] Estimated Timing Summary | WNS=-10.942 | TNS=-370.169 |
INFO: [Physopt 32-662] Processed net item_num[3]_i_50_n_0.  Did not re-place instance item_num[3]_i_50
INFO: [Physopt 32-710] Processed net item_num[3]_i_5_n_0. Critical path length was reduced through logic transformation on cell item_num[3]_i_5_comp_2.
INFO: [Physopt 32-735] Processed net item_num[3]_i_50_n_0. Optimization improves timing on the net.
INFO: [Physopt 32-619] Estimated Timing Summary | WNS=-10.412 | TNS=-348.140 |
INFO: [Physopt 32-662] Processed net item_num[3]_i_50_n_0.  Did not re-place instance item_num[3]_i_50
INFO: [Physopt 32-710] Processed net item_num[1]_i_3_n_0. Critical path length was reduced through logic transformation on cell item_num[1]_i_3_comp.
INFO: [Physopt 32-735] Processed net item_num[3]_i_50_n_0. Optimization improves timing on the net.
INFO: [Physopt 32-619] Estimated Timing Summary | WNS=-10.396 | TNS=-345.651 |
INFO: [Physopt 32-702] Processed net item_num_reg[1]_i_4_n_3. Optimizations did not improve timing on the net.
INFO: [Physopt 32-702] Processed net item_num_reg[1]_i_5_n_0. Optimizations did not improve timing on the net.
INFO: [Physopt 32-702] Processed net item_num_reg[1]_i_7_n_0. Optimizations did not improve timing on the net.
INFO: [Physopt 32-702] Processed net item_num[1]_i_15_n_0. Optimizations did not improve timing on the net.
INFO: [Physopt 32-702] Processed net item_num_reg[2]_i_5_n_2. Optimizations did not improve timing on the net.
INFO: [Physopt 32-702] Processed net item_num_reg[2]_i_6_n_0. Optimizations did not improve timing on the net.
INFO: [Physopt 32-702] Processed net item_num_reg[2]_i_9_n_0. Optimizations did not improve timing on the net.
INFO: [Physopt 32-702] Processed net item_num[2]_i_16_n_0. Optimizations did not improve timing on the net.
INFO: [Physopt 32-702] Processed net item_num_reg[3]_i_6_n_2. Optimizations did not improve timing on the net.
INFO: [Physopt 32-702] Processed net item_num_reg[3]_i_19_n_0. Optimizations did not improve timing on the net.
INFO: [Physopt 32-702] Processed net item_num_reg[3]_i_51_n_0. Optimizations did not improve timing on the net.
INFO: [Physopt 32-702] Processed net item_num[3]_i_105_n_0. Optimizations did not improve timing on the net.
INFO: [Physopt 32-702] Processed net item_num_reg[3]_i_4_n_2. Optimizations did not improve timing on the net.
INFO: [Physopt 32-702] Processed net item_num_reg[3]_i_8_n_0. Optimizations did not improve timing on the net.
INFO: [Physopt 32-702] Processed net item_num_reg[3]_i_22_n_0. Optimizations did not improve timing on the net.
INFO: [Physopt 32-702] Processed net item_num_reg[3]_i_9_n_2. Optimizations did not improve timing on the net.
INFO: [Physopt 32-702] Processed net item_num_reg[3]_i_10_n_0. Optimizations did not improve timing on the net.
INFO: [Physopt 32-702] Processed net item_num_reg[3]_i_23_n_0. Optimizations did not improve timing on the net.
INFO: [Physopt 32-702] Processed net item_num[3]_i_61_n_0. Optimizations did not improve timing on the net.
INFO: [Physopt 32-702] Processed net item_num_reg[3]_i_28_n_2. Optimizations did not improve timing on the net.
INFO: [Physopt 32-702] Processed net item_num_reg[3]_i_29_n_0. Optimizations did not improve timing on the net.
INFO: [Physopt 32-702] Processed net item_num_reg[3]_i_32_n_0. Optimizations did not improve timing on the net.
INFO: [Physopt 32-702] Processed net item_num_reg[3]_i_62_n_3. Optimizations did not improve timing on the net.
INFO: [Physopt 32-702] Processed net item_num_reg[3]_i_63_n_0. Optimizations did not improve timing on the net.
INFO: [Physopt 32-702] Processed net item_num_reg[3]_i_66_n_0. Optimizations did not improve timing on the net.
INFO: [Physopt 32-702] Processed net item_num[3]_i_121_n_0. Optimizations did not improve timing on the net.
INFO: [Physopt 32-662] Processed net item_num[3]_i_13_n_0.  Did not re-place instance item_num[3]_i_13
INFO: [Physopt 32-710] Processed net item_num[3]_i_121_n_0. Critical path length was reduced through logic transformation on cell item_num[3]_i_121_comp.
INFO: [Physopt 32-735] Processed net item_num[3]_i_13_n_0. Optimization improves timing on the net.
INFO: [Physopt 32-619] Estimated Timing Summary | WNS=-10.359 | TNS=-344.132 |
INFO: [Physopt 32-662] Processed net item_num[3]_i_13_n_0.  Did not re-place instance item_num[3]_i_13
INFO: [Physopt 32-572] Net item_num[3]_i_13_n_0 was not replicated.
Resolution: phys_opt_design can be forced to replicate a net driver using the option -force_replication_on_nets <list of net objects>.
INFO: [Physopt 32-702] Processed net item_num[3]_i_13_n_0. Optimizations did not improve timing on the net.
INFO: [Physopt 32-572] Net item_num[3]_i_37_n_0 was not replicated.
Resolution: phys_opt_design can be forced to replicate a net driver using the option -force_replication_on_nets <list of net objects>.
INFO: [Physopt 32-662] Processed net item_num[3]_i_37_n_0.  Did not re-place instance item_num[3]_i_37
INFO: [Physopt 32-710] Processed net item_num[3]_i_13_n_0. Critical path length was reduced through logic transformation on cell item_num[3]_i_13_comp_1.
INFO: [Physopt 32-735] Processed net item_num[3]_i_37_n_0. Optimization improves timing on the net.
INFO: [Physopt 32-619] Estimated Timing Summary | WNS=-10.355 | TNS=-344.000 |
INFO: [Physopt 32-662] Processed net item_num[3]_i_122_n_0.  Did not re-place instance item_num[3]_i_122
INFO: [Physopt 32-702] Processed net item_num[3]_i_122_n_0. Optimizations did not improve timing on the net.
INFO: [Physopt 32-572] Net item_num[3]_i_37_n_0 was not replicated.
Resolution: phys_opt_design can be forced to replicate a net driver using the option -force_replication_on_nets <list of net objects>.
INFO: [Physopt 32-662] Processed net item_num[3]_i_37_n_0.  Did not re-place instance item_num[3]_i_37
INFO: [Physopt 32-572] Net item_num[3]_i_37_n_0 was not replicated.
Resolution: phys_opt_design can be forced to replicate a net driver using the option -force_replication_on_nets <list of net objects>.
INFO: [Physopt 32-702] Processed net item_num[3]_i_37_n_0. Optimizations did not improve timing on the net.
INFO: [Physopt 32-735] Processed net key_de/p_3_out[3]. Optimization improves timing on the net.
INFO: [Physopt 32-619] Estimated Timing Summary | WNS=-10.324 | TNS=-343.874 |
INFO: [Physopt 32-662] Processed net money_10[2]_i_3_n_0.  Did not re-place instance money_10[2]_i_3
INFO: [Physopt 32-572] Net money_10[2]_i_3_n_0 was not replicated.
Resolution: phys_opt_design can be forced to replicate a net driver using the option -force_replication_on_nets <list of net objects>.
INFO: [Physopt 32-735] Processed net money_10[2]_i_3_n_0. Optimization improves timing on the net.
INFO: [Physopt 32-619] Estimated Timing Summary | WNS=-10.230 | TNS=-343.334 |
INFO: [Physopt 32-662] Processed net money_10[1]_i_3_n_0.  Did not re-place instance money_10[1]_i_3
INFO: [Physopt 32-572] Net money_10[1]_i_3_n_0 was not replicated.
Resolution: phys_opt_design can be forced to replicate a net driver using the option -force_replication_on_nets <list of net objects>.
INFO: [Physopt 32-702] Processed net money_10[1]_i_3_n_0. Optimizations did not improve timing on the net.
INFO: [Physopt 32-702] Processed net money0[6]. Optimizations did not improve timing on the net.
INFO: [Physopt 32-702] Processed net money[7]_i_5_n_0. Optimizations did not improve timing on the net.
INFO: [Physopt 32-702] Processed net key_de/money_1_reg[3][0]. Optimizations did not improve timing on the net.
INFO: [Physopt 32-702] Processed net clk_IBUF. Optimizations did not improve timing on the net.
INFO: [Physopt 32-702] Processed net clk. Optimizations did not improve timing on the net.
INFO: [Physopt 32-702] Processed net money_1[1]. Optimizations did not improve timing on the net.
INFO: [Physopt 32-662] Processed net item_price__0[3]_repN_2.  Did not re-place instance item_price_reg[3]_replica_2
INFO: [Physopt 32-702] Processed net item_price__0[3]_repN_2. Optimizations did not improve timing on the net.
INFO: [Physopt 32-662] Processed net money_1[1]_i_3_n_0.  Did not re-place instance money_1[1]_i_3
INFO: [Physopt 32-702] Processed net money_1[1]_i_3_n_0. Optimizations did not improve timing on the net.
INFO: [Physopt 32-662] Processed net money_10[1]_i_3_n_0.  Did not re-place instance money_10[1]_i_3
INFO: [Physopt 32-702] Processed net money_10[1]_i_3_n_0. Optimizations did not improve timing on the net.
INFO: [Physopt 32-702] Processed net money0[6]. Optimizations did not improve timing on the net.
INFO: [Physopt 32-702] Processed net money[7]_i_5_n_0. Optimizations did not improve timing on the net.
INFO: [Physopt 32-702] Processed net nums1[5]. Optimizations did not improve timing on the net.
INFO: [Physopt 32-662] Processed net pay_10[3]_i_5_n_0.  Did not re-place instance pay_10[3]_i_5
INFO: [Physopt 32-702] Processed net pay_10[3]_i_5_n_0. Optimizations did not improve timing on the net.
INFO: [Physopt 32-662] Processed net pay_10[3]_i_12_n_0.  Did not re-place instance pay_10[3]_i_12
INFO: [Physopt 32-702] Processed net pay_10[3]_i_12_n_0. Optimizations did not improve timing on the net.
INFO: [Physopt 32-662] Processed net get_item_num[3]_i_3_n_0.  Did not re-place instance get_item_num[3]_i_3
INFO: [Physopt 32-702] Processed net get_item_num[3]_i_3_n_0. Optimizations did not improve timing on the net.
INFO: [Physopt 32-662] Processed net item_num[3]_i_5_n_0.  Did not re-place instance item_num[3]_i_5_comp_2
INFO: [Physopt 32-702] Processed net item_num[3]_i_5_n_0. Optimizations did not improve timing on the net.
INFO: [Physopt 32-702] Processed net item_num_reg[1]_i_4_n_3. Optimizations did not improve timing on the net.
INFO: [Physopt 32-702] Processed net item_num[1]_i_15_n_0. Optimizations did not improve timing on the net.
INFO: [Physopt 32-702] Processed net item_num_reg[2]_i_5_n_2. Optimizations did not improve timing on the net.
INFO: [Physopt 32-702] Processed net item_num[2]_i_16_n_0. Optimizations did not improve timing on the net.
INFO: [Physopt 32-702] Processed net item_num_reg[3]_i_6_n_2. Optimizations did not improve timing on the net.
INFO: [Physopt 32-702] Processed net item_num[3]_i_105_n_0. Optimizations did not improve timing on the net.
INFO: [Physopt 32-702] Processed net item_num_reg[3]_i_4_n_2. Optimizations did not improve timing on the net.
INFO: [Physopt 32-702] Processed net item_num_reg[3]_i_9_n_2. Optimizations did not improve timing on the net.
INFO: [Physopt 32-702] Processed net item_num[3]_i_61_n_0. Optimizations did not improve timing on the net.
INFO: [Physopt 32-702] Processed net item_num_reg[3]_i_28_n_2. Optimizations did not improve timing on the net.
INFO: [Physopt 32-702] Processed net item_num_reg[3]_i_62_n_3. Optimizations did not improve timing on the net.
INFO: [Physopt 32-662] Processed net item_num[3]_i_122_n_0.  Did not re-place instance item_num[3]_i_122
INFO: [Physopt 32-702] Processed net item_num[3]_i_122_n_0. Optimizations did not improve timing on the net.
INFO: [Physopt 32-662] Processed net item_num[3]_i_37_n_0.  Did not re-place instance item_num[3]_i_37
INFO: [Physopt 32-702] Processed net item_num[3]_i_37_n_0. Optimizations did not improve timing on the net.
INFO: [Physopt 32-702] Processed net key_de/money_1_reg[3][0]. Optimizations did not improve timing on the net.
INFO: [Physopt 32-702] Processed net clk_IBUF. Optimizations did not improve timing on the net.
INFO: [Physopt 32-702] Processed net clk. Optimizations did not improve timing on the net.
INFO: [Physopt 32-619] Estimated Timing Summary | WNS=-10.230 | TNS=-343.334 |
Phase 3 Critical Path Optimization | Checksum: 890439ae

Time (s): cpu = 00:00:01 ; elapsed = 00:00:05 . Memory (MB): peak = 1466.863 ; gain = 9.133

Phase 4 Critical Path Optimization
INFO: [Physopt 32-619] Estimated Timing Summary | WNS=-10.230 | TNS=-343.334 |
INFO: [Physopt 32-702] Processed net money_1[1]. Optimizations did not improve timing on the net.
INFO: [Physopt 32-662] Processed net item_price__0[3]_repN_2.  Did not re-place instance item_price_reg[3]_replica_2
INFO: [Physopt 32-572] Net item_price__0[3]_repN_2 was not replicated.
Resolution: phys_opt_design can be forced to replicate a net driver using the option -force_replication_on_nets <list of net objects>.
INFO: [Physopt 32-702] Processed net item_price__0[3]_repN_2. Optimizations did not improve timing on the net.
INFO: [Physopt 32-662] Processed net money_1[1]_i_3_n_0.  Did not re-place instance money_1[1]_i_3
INFO: [Physopt 32-572] Net money_1[1]_i_3_n_0 was not replicated.
Resolution: phys_opt_design can be forced to replicate a net driver using the option -force_replication_on_nets <list of net objects>.
INFO: [Physopt 32-702] Processed net money_1[1]_i_3_n_0. Optimizations did not improve timing on the net.
INFO: [Physopt 32-662] Processed net money_10[1]_i_3_n_0.  Did not re-place instance money_10[1]_i_3
INFO: [Physopt 32-572] Net money_10[1]_i_3_n_0 was not replicated.
Resolution: phys_opt_design can be forced to replicate a net driver using the option -force_replication_on_nets <list of net objects>.
INFO: [Physopt 32-702] Processed net money_10[1]_i_3_n_0. Optimizations did not improve timing on the net.
INFO: [Physopt 32-702] Processed net money0[6]. Optimizations did not improve timing on the net.
INFO: [Physopt 32-702] Processed net money[7]_i_5_n_0. Optimizations did not improve timing on the net.
INFO: [Physopt 32-702] Processed net nums1[5]. Optimizations did not improve timing on the net.
INFO: [Physopt 32-662] Processed net pay_10[3]_i_5_n_0.  Did not re-place instance pay_10[3]_i_5
INFO: [Physopt 32-702] Processed net pay_10[3]_i_5_n_0. Optimizations did not improve timing on the net.
INFO: [Physopt 32-662] Processed net pay_10[3]_i_12_n_0.  Did not re-place instance pay_10[3]_i_12
INFO: [Physopt 32-572] Net pay_10[3]_i_12_n_0 was not replicated.
Resolution: phys_opt_design can be forced to replicate a net driver using the option -force_replication_on_nets <list of net objects>.
INFO: [Physopt 32-702] Processed net pay_10[3]_i_12_n_0. Optimizations did not improve timing on the net.
INFO: [Physopt 32-572] Net get_item_num[3]_i_3_n_0 was not replicated.
Resolution: phys_opt_design can be forced to replicate a net driver using the option -force_replication_on_nets <list of net objects>.
INFO: [Physopt 32-662] Processed net get_item_num[3]_i_3_n_0.  Did not re-place instance get_item_num[3]_i_3
INFO: [Physopt 32-710] Processed net pay_10[3]_i_12_n_0. Critical path length was reduced through logic transformation on cell pay_10[3]_i_12_comp.
INFO: [Physopt 32-735] Processed net get_item_num[3]_i_3_n_0. Optimization improves timing on the net.
INFO: [Physopt 32-619] Estimated Timing Summary | WNS=-10.224 | TNS=-343.354 |
INFO: [Physopt 32-572] Net item_num[2]_i_3_n_0 was not replicated.
Resolution: phys_opt_design can be forced to replicate a net driver using the option -force_replication_on_nets <list of net objects>.
INFO: [Physopt 32-662] Processed net item_num[2]_i_3_n_0.  Did not re-place instance item_num[2]_i_3
INFO: [Physopt 32-710] Processed net pay_10[3]_i_12_n_0. Critical path length was reduced through logic transformation on cell pay_10[3]_i_12_comp_1.
INFO: [Physopt 32-735] Processed net item_num[2]_i_3_n_0. Optimization improves timing on the net.
INFO: [Physopt 32-619] Estimated Timing Summary | WNS=-10.178 | TNS=-342.809 |
INFO: [Physopt 32-702] Processed net pay_10[3]_i_9_n_0. Optimizations did not improve timing on the net.
INFO: [Physopt 32-662] Processed net pay_10[3]_i_23_n_0.  Did not re-place instance pay_10[3]_i_23
INFO: [Physopt 32-735] Processed net pay_10[3]_i_23_n_0. Optimization improves timing on the net.
INFO: [Physopt 32-619] Estimated Timing Summary | WNS=-10.160 | TNS=-342.200 |
INFO: [Physopt 32-702] Processed net nums_reg[3]_P_n_0. Optimizations did not improve timing on the net.
INFO: [Physopt 32-702] Processed net nums0[3]. Optimizations did not improve timing on the net.
INFO: [Physopt 32-662] Processed net pay_1[3]_i_4_n_0.  Did not re-place instance pay_1[3]_i_4
INFO: [Physopt 32-702] Processed net pay_1[3]_i_4_n_0. Optimizations did not improve timing on the net.
INFO: [Physopt 32-662] Processed net pay_10[0]_i_3_n_0.  Did not re-place instance pay_10[0]_i_3
INFO: [Physopt 32-572] Net pay_10[0]_i_3_n_0 was not replicated.
Resolution: phys_opt_design can be forced to replicate a net driver using the option -force_replication_on_nets <list of net objects>.
INFO: [Physopt 32-702] Processed net pay_10[0]_i_3_n_0. Optimizations did not improve timing on the net.
INFO: [Physopt 32-702] Processed net nums1[6]. Optimizations did not improve timing on the net.
INFO: [Physopt 32-702] Processed net pay_10[3]_i_8_n_0. Optimizations did not improve timing on the net.
INFO: [Physopt 32-662] Processed net pay_10[3]_i_10_n_0.  Did not re-place instance pay_10[3]_i_10
INFO: [Physopt 32-572] Net pay_10[3]_i_10_n_0 was not replicated.
Resolution: phys_opt_design can be forced to replicate a net driver using the option -force_replication_on_nets <list of net objects>.
INFO: [Physopt 32-735] Processed net pay_10[3]_i_10_n_0. Optimization improves timing on the net.
INFO: [Physopt 32-619] Estimated Timing Summary | WNS=-10.152 | TNS=-342.008 |
INFO: [Physopt 32-662] Processed net pay_10[3]_i_10_n_0.  Did not re-place instance pay_10[3]_i_10
INFO: [Physopt 32-572] Net pay_10[3]_i_10_n_0 was not replicated.
Resolution: phys_opt_design can be forced to replicate a net driver using the option -force_replication_on_nets <list of net objects>.
INFO: [Physopt 32-735] Processed net pay_10[3]_i_10_n_0. Optimization improves timing on the net.
INFO: [Physopt 32-619] Estimated Timing Summary | WNS=-10.119 | TNS=-341.216 |
INFO: [Physopt 32-662] Processed net pay_10[3]_i_21_n_0.  Did not re-place instance pay_10[3]_i_21
INFO: [Physopt 32-735] Processed net pay_10[3]_i_21_n_0. Optimization improves timing on the net.
INFO: [Physopt 32-619] Estimated Timing Summary | WNS=-10.082 | TNS=-340.328 |
INFO: [Physopt 32-662] Processed net pay_10[3]_i_21_n_0.  Did not re-place instance pay_10[3]_i_21
INFO: [Physopt 32-702] Processed net pay_10[3]_i_21_n_0. Optimizations did not improve timing on the net.
INFO: [Physopt 32-572] Net item_num[1]_i_2_n_0 was not replicated.
Resolution: phys_opt_design can be forced to replicate a net driver using the option -force_replication_on_nets <list of net objects>.
INFO: [Physopt 32-662] Processed net item_num[1]_i_2_n_0.  Did not re-place instance item_num[1]_i_2
INFO: [Physopt 32-710] Processed net pay_10[3]_i_21_n_0. Critical path length was reduced through logic transformation on cell pay_10[3]_i_21_comp.
INFO: [Physopt 32-735] Processed net item_num[1]_i_2_n_0. Optimization improves timing on the net.
INFO: [Physopt 32-619] Estimated Timing Summary | WNS=-10.034 | TNS=-339.217 |
INFO: [Physopt 32-572] Net item_num[2]_i_3_n_0 was not replicated.
Resolution: phys_opt_design can be forced to replicate a net driver using the option -force_replication_on_nets <list of net objects>.
INFO: [Physopt 32-662] Processed net item_num[2]_i_3_n_0.  Did not re-place instance item_num[2]_i_3
INFO: [Physopt 32-710] Processed net pay_10[3]_i_21_n_0. Critical path length was reduced through logic transformation on cell pay_10[3]_i_21_comp_1.
INFO: [Physopt 32-735] Processed net item_num[2]_i_3_n_0. Optimization improves timing on the net.
INFO: [Physopt 32-619] Estimated Timing Summary | WNS=-10.017 | TNS=-338.955 |
INFO: [Physopt 32-662] Processed net pay_10[3]_i_10_n_0.  Did not re-place instance pay_10[3]_i_10
INFO: [Physopt 32-572] Net pay_10[3]_i_10_n_0 was not replicated.
Resolution: phys_opt_design can be forced to replicate a net driver using the option -force_replication_on_nets <list of net objects>.
INFO: [Physopt 32-702] Processed net pay_10[3]_i_10_n_0. Optimizations did not improve timing on the net.
INFO: [Physopt 32-572] Net item_num[2]_i_3_n_0 was not replicated.
Resolution: phys_opt_design can be forced to replicate a net driver using the option -force_replication_on_nets <list of net objects>.
INFO: [Physopt 32-662] Processed net item_num[2]_i_3_n_0.  Did not re-place instance item_num[2]_i_3
INFO: [Physopt 32-572] Net item_num[2]_i_3_n_0 was not replicated.
Resolution: phys_opt_design can be forced to replicate a net driver using the option -force_replication_on_nets <list of net objects>.
INFO: [Physopt 32-702] Processed net item_num[2]_i_3_n_0. Optimizations did not improve timing on the net.
INFO: [Physopt 32-572] Net item_num[3]_i_5_n_0 was not replicated.
Resolution: phys_opt_design can be forced to replicate a net driver using the option -force_replication_on_nets <list of net objects>.
INFO: [Physopt 32-662] Processed net item_num[3]_i_5_n_0.  Did not re-place instance item_num[3]_i_5_comp_2
INFO: [Physopt 32-710] Processed net item_num[2]_i_3_n_0. Critical path length was reduced through logic transformation on cell item_num[2]_i_3_comp_1.
INFO: [Physopt 32-735] Processed net item_num[3]_i_5_n_0. Optimization improves timing on the net.
INFO: [Physopt 32-619] Estimated Timing Summary | WNS=-10.002 | TNS=-337.184 |
INFO: [Physopt 32-662] Processed net pay_10[1]_i_2_n_0.  Did not re-place instance pay_10[1]_i_2
INFO: [Physopt 32-572] Net pay_10[1]_i_2_n_0 was not replicated.
Resolution: phys_opt_design can be forced to replicate a net driver using the option -force_replication_on_nets <list of net objects>.
INFO: [Physopt 32-702] Processed net pay_10[1]_i_2_n_0. Optimizations did not improve timing on the net.
INFO: [Physopt 32-702] Processed net nums1[7]. Optimizations did not improve timing on the net.
INFO: [Physopt 32-735] Processed net pay_10[3]_i_6_n_0. Optimization improves timing on the net.
INFO: [Physopt 32-619] Estimated Timing Summary | WNS=-9.982 | TNS=-335.822 |
INFO: [Physopt 32-702] Processed net pay_1_reg[0]_i_2_n_0. Optimizations did not improve timing on the net.
INFO: [Physopt 32-735] Processed net pay_1[0]_i_6_n_0. Optimization improves timing on the net.
INFO: [Physopt 32-619] Estimated Timing Summary | WNS=-9.944 | TNS=-335.256 |
INFO: [Physopt 32-662] Processed net item_num[1]_i_2_n_0.  Did not re-place instance item_num[1]_i_2
INFO: [Physopt 32-572] Net item_num[1]_i_2_n_0 was not replicated.
Resolution: phys_opt_design can be forced to replicate a net driver using the option -force_replication_on_nets <list of net objects>.
INFO: [Physopt 32-702] Processed net item_num[1]_i_2_n_0. Optimizations did not improve timing on the net.
INFO: [Physopt 32-572] Net item_num[3]_i_5_n_0 was not replicated.
Resolution: phys_opt_design can be forced to replicate a net driver using the option -force_replication_on_nets <list of net objects>.
INFO: [Physopt 32-662] Processed net item_num[3]_i_5_n_0.  Did not re-place instance item_num[3]_i_5_comp_2
INFO: [Physopt 32-710] Processed net item_num[1]_i_2_n_0. Critical path length was reduced through logic transformation on cell item_num[1]_i_2_comp_1.
INFO: [Physopt 32-735] Processed net item_num[3]_i_5_n_0. Optimization improves timing on the net.
INFO: [Physopt 32-619] Estimated Timing Summary | WNS=-9.925 | TNS=-333.374 |
INFO: [Physopt 32-735] Processed net pay_1[0]_i_6_n_0. Optimization improves timing on the net.
INFO: [Physopt 32-619] Estimated Timing Summary | WNS=-9.883 | TNS=-332.421 |
INFO: [Physopt 32-572] Net get_item_num[3]_i_3_n_0 was not replicated.
Resolution: phys_opt_design can be forced to replicate a net driver using the option -force_replication_on_nets <list of net objects>.
INFO: [Physopt 32-662] Processed net get_item_num[3]_i_3_n_0.  Did not re-place instance get_item_num[3]_i_3
INFO: [Physopt 32-572] Net get_item_num[3]_i_3_n_0 was not replicated.
Resolution: phys_opt_design can be forced to replicate a net driver using the option -force_replication_on_nets <list of net objects>.
INFO: [Physopt 32-702] Processed net get_item_num[3]_i_3_n_0. Optimizations did not improve timing on the net.
INFO: [Physopt 32-572] Net item_num[3]_i_5_n_0 was not replicated.
Resolution: phys_opt_design can be forced to replicate a net driver using the option -force_replication_on_nets <list of net objects>.
INFO: [Physopt 32-662] Processed net item_num[3]_i_5_n_0.  Did not re-place instance item_num[3]_i_5_comp_2
INFO: [Physopt 32-710] Processed net get_item_num[3]_i_3_n_0. Critical path length was reduced through logic transformation on cell get_item_num[3]_i_3_comp_2.
INFO: [Physopt 32-735] Processed net item_num[3]_i_5_n_0. Optimization improves timing on the net.
INFO: [Physopt 32-619] Estimated Timing Summary | WNS=-9.861 | TNS=-329.781 |
INFO: [Physopt 32-662] Processed net pay_10[3]_i_13_n_0.  Did not re-place instance pay_10[3]_i_13
INFO: [Physopt 32-710] Processed net pay_10[3]_i_5_n_0. Critical path length was reduced through logic transformation on cell pay_10[3]_i_5_comp.
INFO: [Physopt 32-735] Processed net pay_10[3]_i_13_n_0. Optimization improves timing on the net.
INFO: [Physopt 32-619] Estimated Timing Summary | WNS=-9.804 | TNS=-329.150 |
INFO: [Physopt 32-735] Processed net pay_1[0]_i_6_n_0. Optimization improves timing on the net.
INFO: [Physopt 32-619] Estimated Timing Summary | WNS=-9.794 | TNS=-329.007 |
INFO: [Physopt 32-572] Net item_num[3]_i_5_n_0 was not replicated.
Resolution: phys_opt_design can be forced to replicate a net driver using the option -force_replication_on_nets <list of net objects>.
INFO: [Physopt 32-662] Processed net item_num[3]_i_5_n_0.  Did not re-place instance item_num[3]_i_5_comp_2
INFO: [Physopt 32-710] Processed net pay_10[3]_i_12_n_0. Critical path length was reduced through logic transformation on cell pay_10[3]_i_12_comp.
INFO: [Physopt 32-735] Processed net item_num[3]_i_5_n_0. Optimization improves timing on the net.
INFO: [Physopt 32-619] Estimated Timing Summary | WNS=-9.788 | TNS=-328.641 |
INFO: [Physopt 32-662] Processed net pay_10[3]_i_22_n_0.  Did not re-place instance pay_10[3]_i_22
INFO: [Physopt 32-702] Processed net pay_10[3]_i_22_n_0. Optimizations did not improve timing on the net.
INFO: [Physopt 32-572] Net item_num[3]_i_5_n_0 was not replicated.
Resolution: phys_opt_design can be forced to replicate a net driver using the option -force_replication_on_nets <list of net objects>.
INFO: [Physopt 32-662] Processed net item_num[3]_i_5_n_0.  Did not re-place instance item_num[3]_i_5_comp_2
INFO: [Physopt 32-710] Processed net pay_10[3]_i_22_n_0. Critical path length was reduced through logic transformation on cell pay_10[3]_i_22_comp.
INFO: [Physopt 32-735] Processed net item_num[3]_i_5_n_0. Optimization improves timing on the net.
INFO: [Physopt 32-619] Estimated Timing Summary | WNS=-9.753 | TNS=-327.895 |
INFO: [Physopt 32-572] Net item_num[3]_i_5_n_0 was not replicated.
Resolution: phys_opt_design can be forced to replicate a net driver using the option -force_replication_on_nets <list of net objects>.
INFO: [Physopt 32-662] Processed net item_num[3]_i_5_n_0.  Did not re-place instance item_num[3]_i_5_comp_2
INFO: [Physopt 32-710] Processed net pay_10[3]_i_21_n_0. Critical path length was reduced through logic transformation on cell pay_10[3]_i_21_comp.
INFO: [Physopt 32-735] Processed net item_num[3]_i_5_n_0. Optimization improves timing on the net.
INFO: [Physopt 32-619] Estimated Timing Summary | WNS=-9.725 | TNS=-327.413 |
INFO: [Physopt 32-662] Processed net pay_10[3]_i_13_n_0.  Did not re-place instance pay_10[3]_i_13
INFO: [Physopt 32-710] Processed net pay_10[3]_i_9_n_0. Critical path length was reduced through logic transformation on cell pay_10[3]_i_9_comp.
INFO: [Physopt 32-735] Processed net pay_10[3]_i_13_n_0. Optimization improves timing on the net.
INFO: [Physopt 32-619] Estimated Timing Summary | WNS=-9.714 | TNS=-326.870 |
INFO: [Physopt 32-662] Processed net pay_10[3]_i_20_n_0.  Did not re-place instance pay_10[3]_i_20
INFO: [Physopt 32-572] Net pay_10[3]_i_20_n_0 was not replicated.
Resolution: phys_opt_design can be forced to replicate a net driver using the option -force_replication_on_nets <list of net objects>.
INFO: [Physopt 32-702] Processed net pay_10[3]_i_20_n_0. Optimizations did not improve timing on the net.
INFO: [Physopt 32-572] Net item_num[3]_i_5_n_0 was not replicated.
Resolution: phys_opt_design can be forced to replicate a net driver using the option -force_replication_on_nets <list of net objects>.
INFO: [Physopt 32-662] Processed net item_num[3]_i_5_n_0.  Did not re-place instance item_num[3]_i_5_comp_2
INFO: [Physopt 32-710] Processed net pay_10[3]_i_20_n_0. Critical path length was reduced through logic transformation on cell pay_10[3]_i_20_comp.
INFO: [Physopt 32-735] Processed net item_num[3]_i_5_n_0. Optimization improves timing on the net.
INFO: [Physopt 32-619] Estimated Timing Summary | WNS=-9.710 | TNS=-326.496 |
INFO: [Physopt 32-662] Processed net pay_10[3]_i_4_n_0.  Did not re-place instance pay_10[3]_i_4
INFO: [Physopt 32-702] Processed net pay_10[3]_i_4_n_0. Optimizations did not improve timing on the net.
INFO: [Physopt 32-662] Processed net pay_10[3]_i_13_n_0.  Did not re-place instance pay_10[3]_i_13
INFO: [Physopt 32-735] Processed net pay_10[3]_i_13_n_0. Optimization improves timing on the net.
INFO: [Physopt 32-619] Estimated Timing Summary | WNS=-9.646 | TNS=-325.154 |
INFO: [Physopt 32-702] Processed net pay_1[0]_i_6_n_0. Optimizations did not improve timing on the net.
INFO: [Physopt 32-662] Processed net pay_1[0]_i_11_n_0.  Did not re-place instance pay_1[0]_i_11
INFO: [Physopt 32-702] Processed net pay_1[0]_i_11_n_0. Optimizations did not improve timing on the net.
INFO: [Physopt 32-572] Net item_num[3]_i_5_n_0 was not replicated.
Resolution: phys_opt_design can be forced to replicate a net driver using the option -force_replication_on_nets <list of net objects>.
INFO: [Physopt 32-662] Processed net item_num[3]_i_5_n_0.  Did not re-place instance item_num[3]_i_5_comp_2
INFO: [Physopt 32-710] Processed net pay_1[0]_i_11_n_0. Critical path length was reduced through logic transformation on cell pay_1[0]_i_11_comp.
INFO: [Physopt 32-735] Processed net item_num[3]_i_5_n_0. Optimization improves timing on the net.
INFO: [Physopt 32-619] Estimated Timing Summary | WNS=-9.628 | TNS=-324.920 |
INFO: [Physopt 32-662] Processed net pay_1[0]_i_10_n_0.  Did not re-place instance pay_1[0]_i_10
INFO: [Physopt 32-702] Processed net pay_1[0]_i_10_n_0. Optimizations did not improve timing on the net.
INFO: [Physopt 32-572] Net item_num[3]_i_5_n_0 was not replicated.
Resolution: phys_opt_design can be forced to replicate a net driver using the option -force_replication_on_nets <list of net objects>.
INFO: [Physopt 32-662] Processed net item_num[3]_i_5_n_0.  Did not re-place instance item_num[3]_i_5_comp_2
INFO: [Physopt 32-572] Net item_num[3]_i_5_n_0 was not replicated.
Resolution: phys_opt_design can be forced to replicate a net driver using the option -force_replication_on_nets <list of net objects>.
INFO: [Physopt 32-702] Processed net item_num[3]_i_5_n_0. Optimizations did not improve timing on the net.
INFO: [Physopt 32-702] Processed net item_num_reg[1]_i_4_n_3. Optimizations did not improve timing on the net.
INFO: [Physopt 32-702] Processed net item_num_reg[1]_i_5_n_0. Optimizations did not improve timing on the net.
INFO: [Physopt 32-702] Processed net item_num_reg[1]_i_7_n_0. Optimizations did not improve timing on the net.
INFO: [Physopt 32-702] Processed net item_num[1]_i_15_n_0. Optimizations did not improve timing on the net.
INFO: [Physopt 32-702] Processed net item_num_reg[2]_i_5_n_2. Optimizations did not improve timing on the net.
INFO: [Physopt 32-702] Processed net item_num_reg[2]_i_6_n_0. Optimizations did not improve timing on the net.
INFO: [Physopt 32-702] Processed net item_num_reg[2]_i_9_n_0. Optimizations did not improve timing on the net.
INFO: [Physopt 32-702] Processed net item_num[2]_i_16_n_0. Optimizations did not improve timing on the net.
INFO: [Physopt 32-702] Processed net item_num_reg[3]_i_6_n_2. Optimizations did not improve timing on the net.
INFO: [Physopt 32-702] Processed net item_num_reg[3]_i_19_n_0. Optimizations did not improve timing on the net.
INFO: [Physopt 32-702] Processed net item_num_reg[3]_i_51_n_0. Optimizations did not improve timing on the net.
INFO: [Physopt 32-702] Processed net item_num[3]_i_105_n_0. Optimizations did not improve timing on the net.
INFO: [Physopt 32-702] Processed net item_num_reg[3]_i_4_n_2. Optimizations did not improve timing on the net.
INFO: [Physopt 32-702] Processed net item_num_reg[3]_i_8_n_0. Optimizations did not improve timing on the net.
INFO: [Physopt 32-702] Processed net item_num_reg[3]_i_22_n_0. Optimizations did not improve timing on the net.
INFO: [Physopt 32-702] Processed net item_num_reg[3]_i_9_n_2. Optimizations did not improve timing on the net.
INFO: [Physopt 32-702] Processed net item_num_reg[3]_i_10_n_0. Optimizations did not improve timing on the net.
INFO: [Physopt 32-702] Processed net item_num_reg[3]_i_23_n_0. Optimizations did not improve timing on the net.
INFO: [Physopt 32-702] Processed net item_num[3]_i_61_n_0. Optimizations did not improve timing on the net.
INFO: [Physopt 32-702] Processed net item_num_reg[3]_i_28_n_2. Optimizations did not improve timing on the net.
INFO: [Physopt 32-702] Processed net item_num_reg[3]_i_29_n_0. Optimizations did not improve timing on the net.
INFO: [Physopt 32-702] Processed net item_num_reg[3]_i_32_n_0. Optimizations did not improve timing on the net.
INFO: [Physopt 32-702] Processed net item_num_reg[3]_i_62_n_3. Optimizations did not improve timing on the net.
INFO: [Physopt 32-702] Processed net item_num_reg[3]_i_63_n_0. Optimizations did not improve timing on the net.
INFO: [Physopt 32-702] Processed net item_num_reg[3]_i_66_n_0. Optimizations did not improve timing on the net.
INFO: [Physopt 32-662] Processed net item_num[3]_i_122_n_0.  Did not re-place instance item_num[3]_i_122
INFO: [Physopt 32-702] Processed net item_num[3]_i_122_n_0. Optimizations did not improve timing on the net.
INFO: [Physopt 32-572] Net item_num[3]_i_37_n_0 was not replicated.
Resolution: phys_opt_design can be forced to replicate a net driver using the option -force_replication_on_nets <list of net objects>.
INFO: [Physopt 32-662] Processed net item_num[3]_i_37_n_0.  Did not re-place instance item_num[3]_i_37
INFO: [Physopt 32-572] Net item_num[3]_i_37_n_0 was not replicated.
Resolution: phys_opt_design can be forced to replicate a net driver using the option -force_replication_on_nets <list of net objects>.
INFO: [Physopt 32-702] Processed net item_num[3]_i_37_n_0. Optimizations did not improve timing on the net.
INFO: [Physopt 32-702] Processed net key_de/money_1_reg[3][0]. Optimizations did not improve timing on the net.
INFO: [Physopt 32-702] Processed net clk_IBUF. Optimizations did not improve timing on the net.
INFO: [Physopt 32-702] Processed net clk. Optimizations did not improve timing on the net.
INFO: [Physopt 32-702] Processed net money_1[1]. Optimizations did not improve timing on the net.
INFO: [Physopt 32-662] Processed net item_price__0[3]_repN_2.  Did not re-place instance item_price_reg[3]_replica_2
INFO: [Physopt 32-702] Processed net item_price__0[3]_repN_2. Optimizations did not improve timing on the net.
INFO: [Physopt 32-662] Processed net money_1[1]_i_3_n_0.  Did not re-place instance money_1[1]_i_3
INFO: [Physopt 32-702] Processed net money_1[1]_i_3_n_0. Optimizations did not improve timing on the net.
INFO: [Physopt 32-662] Processed net money_10[1]_i_3_n_0.  Did not re-place instance money_10[1]_i_3
INFO: [Physopt 32-702] Processed net money_10[1]_i_3_n_0. Optimizations did not improve timing on the net.
INFO: [Physopt 32-702] Processed net money0[6]. Optimizations did not improve timing on the net.
INFO: [Physopt 32-702] Processed net money[7]_i_5_n_0. Optimizations did not improve timing on the net.
INFO: [Physopt 32-702] Processed net nums1[5]. Optimizations did not improve timing on the net.
INFO: [Physopt 32-702] Processed net pay_1[0]_i_6_n_0. Optimizations did not improve timing on the net.
INFO: [Physopt 32-662] Processed net pay_1[0]_i_10_n_0.  Did not re-place instance pay_1[0]_i_10
INFO: [Physopt 32-702] Processed net pay_1[0]_i_10_n_0. Optimizations did not improve timing on the net.
INFO: [Physopt 32-662] Processed net item_num[3]_i_5_n_0.  Did not re-place instance item_num[3]_i_5_comp_2
INFO: [Physopt 32-702] Processed net item_num[3]_i_5_n_0. Optimizations did not improve timing on the net.
INFO: [Physopt 32-702] Processed net item_num_reg[1]_i_4_n_3. Optimizations did not improve timing on the net.
INFO: [Physopt 32-702] Processed net item_num[1]_i_15_n_0. Optimizations did not improve timing on the net.
INFO: [Physopt 32-702] Processed net item_num_reg[2]_i_5_n_2. Optimizations did not improve timing on the net.
INFO: [Physopt 32-702] Processed net item_num[2]_i_16_n_0. Optimizations did not improve timing on the net.
INFO: [Physopt 32-702] Processed net item_num_reg[3]_i_6_n_2. Optimizations did not improve timing on the net.
INFO: [Physopt 32-702] Processed net item_num[3]_i_105_n_0. Optimizations did not improve timing on the net.
INFO: [Physopt 32-702] Processed net item_num_reg[3]_i_4_n_2. Optimizations did not improve timing on the net.
INFO: [Physopt 32-702] Processed net item_num_reg[3]_i_9_n_2. Optimizations did not improve timing on the net.
INFO: [Physopt 32-702] Processed net item_num[3]_i_61_n_0. Optimizations did not improve timing on the net.
INFO: [Physopt 32-702] Processed net item_num_reg[3]_i_28_n_2. Optimizations did not improve timing on the net.
INFO: [Physopt 32-702] Processed net item_num_reg[3]_i_62_n_3. Optimizations did not improve timing on the net.
INFO: [Physopt 32-662] Processed net item_num[3]_i_122_n_0.  Did not re-place instance item_num[3]_i_122
INFO: [Physopt 32-702] Processed net item_num[3]_i_122_n_0. Optimizations did not improve timing on the net.
INFO: [Physopt 32-662] Processed net item_num[3]_i_37_n_0.  Did not re-place instance item_num[3]_i_37
INFO: [Physopt 32-702] Processed net item_num[3]_i_37_n_0. Optimizations did not improve timing on the net.
INFO: [Physopt 32-702] Processed net key_de/money_1_reg[3][0]. Optimizations did not improve timing on the net.
INFO: [Physopt 32-702] Processed net clk_IBUF. Optimizations did not improve timing on the net.
INFO: [Physopt 32-702] Processed net clk. Optimizations did not improve timing on the net.
INFO: [Physopt 32-619] Estimated Timing Summary | WNS=-9.628 | TNS=-324.920 |
Phase 4 Critical Path Optimization | Checksum: 890439ae

Time (s): cpu = 00:00:02 ; elapsed = 00:00:08 . Memory (MB): peak = 1466.867 ; gain = 9.137
Netlist sorting complete. Time (s): cpu = 00:00:00 ; elapsed = 00:00:00.005 . Memory (MB): peak = 1466.867 ; gain = 0.000
INFO: [Physopt 32-603] Post Physical Optimization Timing Summary | WNS=-9.628 | TNS=-324.920 |

Summary of Physical Synthesis Optimizations
============================================


-------------------------------------------------------------------------------------------------------------------------------------------------------------
|  Optimization   |  WNS Gain (ns)  |  TNS Gain (ns)  |  Added Cells  |  Removed Cells  |  Optimized Cells/Nets  |  Dont Touch  |  Iterations  |  Elapsed   |
-------------------------------------------------------------------------------------------------------------------------------------------------------------
|  DSP Register   |          0.000  |          0.000  |            0  |              0  |                     0  |           0  |           1  |  00:00:00  |
|  Critical Path  |          2.049  |         65.289  |            5  |              0  |                    41  |           0  |           2  |  00:00:07  |
|  Total          |          2.049  |         65.289  |            5  |              0  |                    41  |           0  |           3  |  00:00:07  |
-------------------------------------------------------------------------------------------------------------------------------------------------------------


Netlist sorting complete. Time (s): cpu = 00:00:00 ; elapsed = 00:00:00.001 . Memory (MB): peak = 1466.867 ; gain = 0.000
Ending Physical Synthesis Task | Checksum: 890439ae

Time (s): cpu = 00:00:02 ; elapsed = 00:00:08 . Memory (MB): peak = 1466.867 ; gain = 9.137
INFO: [Common 17-83] Releasing license: Implementation
492 Infos, 0 Warnings, 0 Critical Warnings and 0 Errors encountered.
phys_opt_design completed successfully
phys_opt_design: Time (s): cpu = 00:00:02 ; elapsed = 00:00:08 . Memory (MB): peak = 1466.867 ; gain = 24.105
Netlist sorting complete. Time (s): cpu = 00:00:00 ; elapsed = 00:00:00.001 . Memory (MB): peak = 1466.867 ; gain = 0.000
INFO: [Timing 38-480] Writing timing data to binary archive.
Writing placer database...
Writing XDEF routing.
Writing XDEF routing logical nets.
Writing XDEF routing special nets.
Write XDEF Complete: Time (s): cpu = 00:00:00 ; elapsed = 00:00:00.174 . Memory (MB): peak = 1475.703 ; gain = 8.836
INFO: [Common 17-1381] The checkpoint 'C:/Users/user/verilog501/verilog501.runs/impl_1/Lab5_physopt.dcp' has been generated.
Command: route_design
Attempting to get a license for feature 'Implementation' and/or device 'xc7a35t'
INFO: [Common 17-349] Got license for feature 'Implementation' and/or device 'xc7a35t'
INFO: [DRC 23-27] Running DRC with 2 threads
INFO: [Vivado_Tcl 4-198] DRC finished with 0 Errors
INFO: [Vivado_Tcl 4-199] Please refer to the DRC report (report_drc) for more information.
Running DRC as a precondition to command route_design
INFO: [DRC 23-27] Running DRC with 2 threads
INFO: [Vivado_Tcl 4-198] DRC finished with 0 Errors
INFO: [Vivado_Tcl 4-199] Please refer to the DRC report (report_drc) for more information.


Starting Routing Task
INFO: [Route 35-254] Multithreading enabled for route_design using a maximum of 2 CPUs
Checksum: PlaceDB: 1af66b76 ConstDB: 0 ShapeSum: 681ac57 RouteDB: 0

Phase 1 Build RT Design
Phase 1 Build RT Design | Checksum: 1ed49d118

Time (s): cpu = 00:00:09 ; elapsed = 00:00:13 . Memory (MB): peak = 1562.285 ; gain = 73.547
Post Restoration Checksum: NetGraph: efd214d5 NumContArr: fd77bc43 Constraints: 0 Timing: 0

Phase 2 Router Initialization

Phase 2.1 Create Timer
Phase 2.1 Create Timer | Checksum: 1ed49d118

Time (s): cpu = 00:00:09 ; elapsed = 00:00:13 . Memory (MB): peak = 1562.285 ; gain = 73.547

Phase 2.2 Fix Topology Constraints
Phase 2.2 Fix Topology Constraints | Checksum: 1ed49d118

Time (s): cpu = 00:00:09 ; elapsed = 00:00:13 . Memory (MB): peak = 1568.289 ; gain = 79.551

Phase 2.3 Pre Route Cleanup
Phase 2.3 Pre Route Cleanup | Checksum: 1ed49d118

Time (s): cpu = 00:00:09 ; elapsed = 00:00:13 . Memory (MB): peak = 1568.289 ; gain = 79.551
 Number of Nodes with overlaps = 0

Phase 2.4 Update Timing
Phase 2.4 Update Timing | Checksum: 127e8d3da

Time (s): cpu = 00:00:10 ; elapsed = 00:00:14 . Memory (MB): peak = 1576.793 ; gain = 88.055
INFO: [Route 35-416] Intermediate Timing Summary | WNS=-9.136 | TNS=-304.541| WHS=-0.141 | THS=-10.012|

Phase 2 Router Initialization | Checksum: 17039b7bb

Time (s): cpu = 00:00:10 ; elapsed = 00:00:14 . Memory (MB): peak = 1576.793 ; gain = 88.055

Router Utilization Summary
  Global Vertical Routing Utilization    = 0.000637806 %
  Global Horizontal Routing Utilization  = 0.00130141 %
  Routable Net Status*
  *Does not include unroutable nets such as driverless and loadless.
  Run report_route_status for detailed report.
  Number of Failed Nets               = 1016
    (Failed Nets is the sum of unrouted and partially routed nets)
  Number of Unrouted Nets             = 1015
  Number of Partially Routed Nets     = 1
  Number of Node Overlaps             = 0


Phase 3 Initial Routing
Phase 3 Initial Routing | Checksum: 2c4f816fa

Time (s): cpu = 00:00:10 ; elapsed = 00:00:14 . Memory (MB): peak = 1576.793 ; gain = 88.055
INFO: [Route 35-580] Design has 8 pins with tight setup and hold constraints.

The top 5 pins with tight setup and hold constraints:

+--------------------------+--------------------------+----------------------------------------------------------------------------------------------------------+
|       Launch Clock       |      Capture Clock       |                                                 Pin                                                      |
+--------------------------+--------------------------+----------------------------------------------------------------------------------------------------------+
|              sys_clk_pin |              sys_clk_pin |                                                                                         money_10_reg[3]/D|
|              sys_clk_pin |              sys_clk_pin |                                                                                           nums_reg[7]_P/D|
|              sys_clk_pin |              sys_clk_pin |                                                                                            pay_1_reg[0]/D|
|              sys_clk_pin |              sys_clk_pin |                                                                                          nums_reg[15]_P/D|
|              sys_clk_pin |              sys_clk_pin |                                                                                          nums_reg[12]_C/D|
+--------------------------+--------------------------+----------------------------------------------------------------------------------------------------------+

File with complete list of pins: tight_setup_hold_pins.txt


Phase 4 Rip-up And Reroute

Phase 4.1 Global Iteration 0
 Number of Nodes with overlaps = 422
 Number of Nodes with overlaps = 115
 Number of Nodes with overlaps = 65
 Number of Nodes with overlaps = 31
 Number of Nodes with overlaps = 14
 Number of Nodes with overlaps = 8
 Number of Nodes with overlaps = 9
 Number of Nodes with overlaps = 2
 Number of Nodes with overlaps = 0
INFO: [Route 35-416] Intermediate Timing Summary | WNS=-11.107| TNS=-369.072| WHS=N/A    | THS=N/A    |

Phase 4.1 Global Iteration 0 | Checksum: 1c1f7f951

Time (s): cpu = 00:00:10 ; elapsed = 00:00:16 . Memory (MB): peak = 1576.793 ; gain = 88.055

Phase 4.2 Global Iteration 1
 Number of Nodes with overlaps = 261
 Number of Nodes with overlaps = 61
 Number of Nodes with overlaps = 11
 Number of Nodes with overlaps = 6
 Number of Nodes with overlaps = 0
INFO: [Route 35-416] Intermediate Timing Summary | WNS=-11.713| TNS=-381.687| WHS=N/A    | THS=N/A    |

Phase 4.2 Global Iteration 1 | Checksum: 228b77447

Time (s): cpu = 00:00:11 ; elapsed = 00:00:17 . Memory (MB): peak = 1576.793 ; gain = 88.055
Phase 4 Rip-up And Reroute | Checksum: 228b77447

Time (s): cpu = 00:00:11 ; elapsed = 00:00:17 . Memory (MB): peak = 1576.793 ; gain = 88.055

Phase 5 Delay and Skew Optimization

Phase 5.1 Delay CleanUp

Phase 5.1.1 Update Timing
Phase 5.1.1 Update Timing | Checksum: 22354e62a

Time (s): cpu = 00:00:11 ; elapsed = 00:00:17 . Memory (MB): peak = 1576.793 ; gain = 88.055
INFO: [Route 35-416] Intermediate Timing Summary | WNS=-11.085| TNS=-368.092| WHS=N/A    | THS=N/A    |

 Number of Nodes with overlaps = 0
Phase 5.1 Delay CleanUp | Checksum: 163d32117

Time (s): cpu = 00:00:11 ; elapsed = 00:00:17 . Memory (MB): peak = 1577.383 ; gain = 88.645

Phase 5.2 Clock Skew Optimization
Phase 5.2 Clock Skew Optimization | Checksum: 163d32117

Time (s): cpu = 00:00:11 ; elapsed = 00:00:17 . Memory (MB): peak = 1577.383 ; gain = 88.645
Phase 5 Delay and Skew Optimization | Checksum: 163d32117

Time (s): cpu = 00:00:11 ; elapsed = 00:00:17 . Memory (MB): peak = 1577.383 ; gain = 88.645

Phase 6 Post Hold Fix

Phase 6.1 Hold Fix Iter

Phase 6.1.1 Update Timing
Phase 6.1.1 Update Timing | Checksum: 13dfee8d4

Time (s): cpu = 00:00:11 ; elapsed = 00:00:17 . Memory (MB): peak = 1577.383 ; gain = 88.645
INFO: [Route 35-416] Intermediate Timing Summary | WNS=-11.076| TNS=-366.859| WHS=0.108  | THS=0.000  |

Phase 6.1 Hold Fix Iter | Checksum: 13dfee8d4

Time (s): cpu = 00:00:11 ; elapsed = 00:00:17 . Memory (MB): peak = 1577.383 ; gain = 88.645
Phase 6 Post Hold Fix | Checksum: 13dfee8d4

Time (s): cpu = 00:00:11 ; elapsed = 00:00:17 . Memory (MB): peak = 1577.383 ; gain = 88.645

Phase 7 Route finalize

Router Utilization Summary
  Global Vertical Routing Utilization    = 0.377501 %
  Global Horizontal Routing Utilization  = 0.377017 %
  Routable Net Status*
  *Does not include unroutable nets such as driverless and loadless.
  Run report_route_status for detailed report.
  Number of Failed Nets               = 0
    (Failed Nets is the sum of unrouted and partially routed nets)
  Number of Unrouted Nets             = 0
  Number of Partially Routed Nets     = 0
  Number of Node Overlaps             = 0

Congestion Report
North Dir 1x1 Area, Max Cong = 44.1441%, No Congested Regions.
South Dir 1x1 Area, Max Cong = 42.3423%, No Congested Regions.
East Dir 1x1 Area, Max Cong = 35.2941%, No Congested Regions.
West Dir 1x1 Area, Max Cong = 32.3529%, No Congested Regions.

------------------------------
Reporting congestion hotspots
------------------------------
Direction: North
----------------
Congested clusters found at Level 0
Effective congestion level: 0 Aspect Ratio: 1 Sparse Ratio: 0
Direction: South
----------------
Congested clusters found at Level 0
Effective congestion level: 0 Aspect Ratio: 1 Sparse Ratio: 0
Direction: East
----------------
Congested clusters found at Level 0
Effective congestion level: 0 Aspect Ratio: 1 Sparse Ratio: 0
Direction: West
----------------
Congested clusters found at Level 0
Effective congestion level: 0 Aspect Ratio: 1 Sparse Ratio: 0

Phase 7 Route finalize | Checksum: 163673169

Time (s): cpu = 00:00:11 ; elapsed = 00:00:17 . Memory (MB): peak = 1577.383 ; gain = 88.645

Phase 8 Verifying routed nets

 Verification completed successfully
Phase 8 Verifying routed nets | Checksum: 163673169

Time (s): cpu = 00:00:11 ; elapsed = 00:00:17 . Memory (MB): peak = 1577.383 ; gain = 88.645

Phase 9 Depositing Routes
Phase 9 Depositing Routes | Checksum: 10cdb1089

Time (s): cpu = 00:00:11 ; elapsed = 00:00:17 . Memory (MB): peak = 1577.383 ; gain = 88.645

Phase 10 Post Router Timing
INFO: [Route 35-57] Estimated Timing Summary | WNS=-11.076| TNS=-366.859| WHS=0.108  | THS=0.000  |

WARNING: [Route 35-328] Router estimated timing not met.
Resolution: For a complete and accurate timing signoff, report_timing_summary must be run after route_design. Alternatively, route_design can be run with the -timing_summary option to enable a complete timing signoff at the end of route_design.
Phase 10 Post Router Timing | Checksum: 10cdb1089

Time (s): cpu = 00:00:11 ; elapsed = 00:00:17 . Memory (MB): peak = 1577.383 ; gain = 88.645
INFO: [Route 35-16] Router Completed Successfully

Time (s): cpu = 00:00:11 ; elapsed = 00:00:18 . Memory (MB): peak = 1577.383 ; gain = 88.645

Routing Is Done.
INFO: [Common 17-83] Releasing license: Implementation
511 Infos, 1 Warnings, 0 Critical Warnings and 0 Errors encountered.
route_design completed successfully
route_design: Time (s): cpu = 00:00:12 ; elapsed = 00:00:18 . Memory (MB): peak = 1577.383 ; gain = 101.680
Netlist sorting complete. Time (s): cpu = 00:00:00 ; elapsed = 00:00:00 . Memory (MB): peak = 1577.383 ; gain = 0.000
INFO: [Timing 38-480] Writing timing data to binary archive.
Writing placer database...
Writing XDEF routing.
Writing XDEF routing logical nets.
Writing XDEF routing special nets.
Write XDEF Complete: Time (s): cpu = 00:00:00 ; elapsed = 00:00:00.123 . Memory (MB): peak = 1587.234 ; gain = 9.852
INFO: [Common 17-1381] The checkpoint 'C:/Users/user/verilog501/verilog501.runs/impl_1/Lab5_routed.dcp' has been generated.
INFO: [runtcl-4] Executing : report_drc -file Lab5_drc_routed.rpt -pb Lab5_drc_routed.pb -rpx Lab5_drc_routed.rpx
Command: report_drc -file Lab5_drc_routed.rpt -pb Lab5_drc_routed.pb -rpx Lab5_drc_routed.rpx
INFO: [IP_Flow 19-1839] IP Catalog is up to date.
INFO: [DRC 23-27] Running DRC with 2 threads
INFO: [Coretcl 2-168] The results of DRC are in file C:/Users/user/verilog501/verilog501.runs/impl_1/Lab5_drc_routed.rpt.
report_drc completed successfully
INFO: [runtcl-4] Executing : report_methodology -file Lab5_methodology_drc_routed.rpt -pb Lab5_methodology_drc_routed.pb -rpx Lab5_methodology_drc_routed.rpx
Command: report_methodology -file Lab5_methodology_drc_routed.rpt -pb Lab5_methodology_drc_routed.pb -rpx Lab5_methodology_drc_routed.rpx
INFO: [Timing 38-35] Done setting XDC timing constraints.
INFO: [DRC 23-133] Running Methodology with 2 threads
INFO: [Coretcl 2-1520] The results of Report Methodology are in file C:/Users/user/verilog501/verilog501.runs/impl_1/Lab5_methodology_drc_routed.rpt.
report_methodology completed successfully
INFO: [runtcl-4] Executing : report_power -file Lab5_power_routed.rpt -pb Lab5_power_summary_routed.pb -rpx Lab5_power_routed.rpx
Command: report_power -file Lab5_power_routed.rpt -pb Lab5_power_summary_routed.pb -rpx Lab5_power_routed.rpx
INFO: [Timing 38-35] Done setting XDC timing constraints.
Running Vector-less Activity Propagation...

Finished Running Vector-less Activity Propagation
523 Infos, 1 Warnings, 0 Critical Warnings and 0 Errors encountered.
report_power completed successfully
INFO: [runtcl-4] Executing : report_route_status -file Lab5_route_status.rpt -pb Lab5_route_status.pb
INFO: [runtcl-4] Executing : report_timing_summary -max_paths 10 -file Lab5_timing_summary_routed.rpt -pb Lab5_timing_summary_routed.pb -rpx Lab5_timing_summary_routed.rpx -warn_on_violation 
INFO: [Timing 38-91] UpdateTimingParams: Speed grade: -1, Delay Type: min_max.
INFO: [Timing 38-191] Multithreading enabled for timing update using a maximum of 2 CPUs
CRITICAL WARNING: [Timing 38-282] The design failed to meet the timing requirements. Please see the timing summary report for details on the timing violations.
INFO: [runtcl-4] Executing : report_incremental_reuse -file Lab5_incremental_reuse_routed.rpt
INFO: [Vivado_Tcl 4-1062] Incremental flow is disabled. No incremental reuse Info to report.
INFO: [runtcl-4] Executing : report_clock_utilization -file Lab5_clock_utilization_routed.rpt
INFO: [runtcl-4] Executing : report_bus_skew -warn_on_violation -file Lab5_bus_skew_routed.rpt -pb Lab5_bus_skew_routed.pb -rpx Lab5_bus_skew_routed.rpx
INFO: [Timing 38-91] UpdateTimingParams: Speed grade: -1, Delay Type: min_max.
INFO: [Timing 38-191] Multithreading enabled for timing update using a maximum of 2 CPUs
Command: write_bitstream -force Lab5.bit
Attempting to get a license for feature 'Implementation' and/or device 'xc7a35t'
INFO: [Common 17-349] Got license for feature 'Implementation' and/or device 'xc7a35t'
Running DRC as a precondition to command write_bitstream
INFO: [IP_Flow 19-1839] IP Catalog is up to date.
INFO: [DRC 23-27] Running DRC with 2 threads
INFO: [Vivado 12-3199] DRC finished with 0 Errors
INFO: [Vivado 12-3200] Please refer to the DRC report (report_drc) for more information.
INFO: [Designutils 20-2272] Running write_bitstream with 2 threads.
Loading data files...
Loading site data...
Loading route data...
Processing options...
Creating bitmap...
Creating bitstream...
Writing bitstream ./Lab5.bit...
INFO: [Vivado 12-1842] Bitgen Completed Successfully.
INFO: [Project 1-120] WebTalk data collection is mandatory when using a WebPACK part without a full Vivado license. To see the specific WebTalk data collected for your design, open the usage_statistics_webtalk.html or usage_statistics_webtalk.xml file in the implementation directory.
INFO: [Common 17-83] Releasing license: Implementation
542 Infos, 1 Warnings, 1 Critical Warnings and 0 Errors encountered.
write_bitstream completed successfully
write_bitstream: Time (s): cpu = 00:00:06 ; elapsed = 00:00:10 . Memory (MB): peak = 2026.434 ; gain = 408.203
INFO: [Common 17-206] Exiting Vivado at Tue Oct 31 20:46:55 2023...
