#-----------------------------------------------------------
# Vivado v2019.2 (64-bit)
# SW Build 2708876 on Wed Nov  6 21:40:23 MST 2019
# IP Build 2700528 on Thu Nov  7 00:09:20 MST 2019
# Start of session at: Thu Nov 30 23:53:42 2023
# Process ID: 45968
# Current directory: C:/Users/user/HardwareDesign/verilog602
# Command line: vivado.exe -gui_launcher_event rodinguilauncherevent33660 C:\Users\user\HardwareDesign\verilog602\verilog602.xpr
# Log file: C:/Users/user/HardwareDesign/verilog602/vivado.log
# Journal file: C:/Users/user/HardwareDesign/verilog602\vivado.jou
#-----------------------------------------------------------
start_gui
open_project C:/Users/user/HardwareDesign/verilog602/verilog602.xpr
INFO: [Project 1-313] Project file moved from 'C:/Users/user/verilog602' since last save.
Scanning sources...
Finished scanning sources
INFO: [filemgmt 56-1] IP Repository Path: Directory not found as 'C:/Users/user/HardwareDesign/Documents/清大/大二/硬體設計與實驗/lab6/lab6_template/template/ip'; using path 'C:/Users/user/Documents/清大/大二/硬體設計與實驗/lab6/lab6_template/template/ip' instead.
INFO: [IP_Flow 19-234] Refreshing IP repositories
INFO: [IP_Flow 19-1700] Loaded user IP repository 'c:/Users/user/Documents/清大/大二/硬體設計與實驗/lab6/lab6_template/template/ip'.
INFO: [IP_Flow 19-2313] Loaded Vivado IP repository 'C:/Xilinx/Vivado/2019.2/data/ip'.
update_compile_order -fileset sources_1
exit
INFO: [Common 17-206] Exiting Vivado at Thu Nov 30 23:54:03 2023...
