Copyright 1986-2019 Xilinx, Inc. All Rights Reserved.
------------------------------------------------------------------------------------
| Tool Version : Vivado v.2019.2 (win64) Build 2708876 Wed Nov  6 21:40:23 MST 2019
| Date         : Tue Nov 14 16:04:40 2023
| Host         : LAPTOP-FQ5SKUKF running 64-bit major release  (build 9200)
| Command      : report_control_sets -verbose -file lab6_2_control_sets_placed.rpt
| Design       : lab6_2
| Device       : xc7a35t
------------------------------------------------------------------------------------

Control Set Information

Table of Contents
-----------------
1. Summary
2. Histogram
3. Flip-Flop Distribution
4. Detailed Control Set Information

1. Summary
----------

+----------------------------------------------------------+-------+
|                          Status                          | Count |
+----------------------------------------------------------+-------+
| Total control sets                                       |    33 |
|    Minimum number of control sets                        |    33 |
|    Addition due to synthesis replication                 |     0 |
|    Addition due to physical synthesis replication        |     0 |
| Unused register locations in slices containing registers |   145 |
+----------------------------------------------------------+-------+
* Control sets can be merged at opt_design using control_set_merge or merge_equivalent_drivers
** Run report_qor_suggestions for automated merging and remapping suggestions


2. Histogram
------------

+--------------------+-------+
|       Fanout       | Count |
+--------------------+-------+
| Total control sets |    33 |
| >= 0 to < 4        |     3 |
| >= 4 to < 6        |     1 |
| >= 6 to < 8        |     0 |
| >= 8 to < 10       |     2 |
| >= 10 to < 12      |     5 |
| >= 12 to < 14      |     0 |
| >= 14 to < 16      |     0 |
| >= 16              |    22 |
+--------------------+-------+
* Control sets can be remapped at either synth_design or opt_design


3. Flip-Flop Distribution
-------------------------

+--------------+-----------------------+------------------------+-----------------+--------------+
| Clock Enable | Synchronous Set/Reset | Asynchronous Set/Reset | Total Registers | Total Slices |
+--------------+-----------------------+------------------------+-----------------+--------------+
| No           | No                    | No                     |              32 |           17 |
| No           | No                    | Yes                    |              62 |           25 |
| No           | Yes                   | No                     |              25 |           13 |
| Yes          | No                    | No                     |              64 |           42 |
| Yes          | No                    | Yes                    |             170 |           57 |
| Yes          | Yes                   | No                     |             326 |          159 |
+--------------+-----------------------+------------------------+-----------------+--------------+


4. Detailed Control Set Information
-----------------------------------

+-----------------------------+-----------------------------------------------+-------------------------------+------------------+----------------+
|         Clock Signal        |                 Enable Signal                 |        Set/Reset Signal       | Slice Load Count | Bel Load Count |
+-----------------------------+-----------------------------------------------+-------------------------------+------------------+----------------+
| ~kd/key_down_reg[18]_0[0]   |                                               | kd/key_down_reg[18]_0[0]      |                1 |              1 |
|  clk_IBUF_BUFG              | finish0                                       | a2/rst2                       |                1 |              1 |
|  clk_wiz_0_inst/out_BUFG[0] |                                               | a2/rst2                       |                2 |              2 |
|  clk_IBUF_BUFG              | kd/inst/inst/Ps2Interface_i/bits_count        | a2/rst2                       |                2 |              4 |
|  clk_IBUF_BUFG              | kd/inst/inst/Ps2Interface_i/rx_finish         | a2/rst2                       |                3 |              8 |
|  clk_IBUF_BUFG              | kd/inst/inst/Ps2Interface_i/rx_valid          | a2/rst2                       |                2 |              8 |
|  clk_wiz_0_inst/out_BUFG[0] |                                               |                               |                5 |             10 |
|  clk_wiz_0_inst/out_BUFG[0] | vga_inst/line_cnt                             | vga_inst/line_cnt[9]_i_1_n_0  |                5 |             10 |
|  clk_IBUF_BUFG              | kd/key                                        | a2/rst2                       |                4 |             10 |
|  clk_wiz_0_inst/out_BUFG[0] |                                               | vga_inst/pixel_cnt[9]_i_1_n_0 |                4 |             11 |
|  clk_IBUF_BUFG              | kd/inst/inst/Ps2Interface_i/frame[10]_i_1_n_0 | a2/rst2                       |                3 |             11 |
|  clk_IBUF_BUFG              | a2/E[0]                                       |                               |               14 |             18 |
|  clk_IBUF_BUFG              | kd/finish_reg[0]_13                           | a2/rst2                       |               10 |             18 |
|  clk_IBUF_BUFG              | kd/finish_reg[0]_9                            | a2/rst2                       |                6 |             18 |
|  clk_IBUF_BUFG              | kd/E[0]                                       |                               |               11 |             20 |
|  clk_IBUF_BUFG              | kd/finish_reg[0]_15                           | a2/rst2                       |                8 |             20 |
|  clk_IBUF_BUFG              | kd/finish_reg[0]_10                           | a2/rst2                       |               11 |             20 |
|  clk_IBUF_BUFG              | kd/finish_reg[0]_17                           | a2/rst2                       |                9 |             20 |
|  clk_IBUF_BUFG              | kd/finish_reg[0]_3                            | a2/rst2                       |               12 |             20 |
|  clk_IBUF_BUFG              | kd/finish_reg[0]_8                            | a2/rst2                       |               13 |             20 |
|  clk_IBUF_BUFG              | kd/finish_reg[0]_19                           | a2/rst2                       |                8 |             20 |
|  clk_IBUF_BUFG              | kd/finish_reg[0]_11                           | a2/rst2                       |                9 |             20 |
|  clk_IBUF_BUFG              | kd/finish_reg[0]_14                           | a2/rst2                       |                6 |             20 |
|  clk_IBUF_BUFG              | kd/finish_reg[0]_16                           | a2/rst2                       |                8 |             20 |
|  clk_IBUF_BUFG              | kd/finish_reg[0]_7                            | a2/rst2                       |               12 |             20 |
|  clk_IBUF_BUFG              | kd/finish_reg[0]_12                           | a2/rst2                       |                8 |             20 |
|  clk_IBUF_BUFG              | kd/finish_reg[0]_6                            | a2/rst2                       |                9 |             20 |
|  clk_IBUF_BUFG              | kd/finish_reg[0]_4                            | a2/rst2                       |               13 |             20 |
|  clk_IBUF_BUFG              | kd/finish_reg[0]_5                            | a2/rst2                       |               12 |             20 |
|  clk_IBUF_BUFG              |                                               |                               |               12 |             22 |
|  clk_IBUF_BUFG              | a2/finish_reg[0]_3                            |                               |               17 |             26 |
|  clk_IBUF_BUFG              |                                               | a2/rst2                       |               31 |             73 |
|  clk_IBUF_BUFG              | kd/op/E[0]                                    | a2/rst2                       |               42 |            128 |
+-----------------------------+-----------------------------------------------+-------------------------------+------------------+----------------+


