Vivado Simulator 2019.2
Time resolution is 1 ps
===== Simulation ======
[CORRECT] op = 00, d = 0000 ,   0 case
[CORRECT] op = 00, d = 0000 ,   1 case
[CORRECT] op = 00, d = 0000 ,   2 case
[CORRECT] op = 00, d = 0000 ,   3 case
[CORRECT] op = 00, d = 0000 ,   4 case
[CORRECT] op = 00, d = 0000 ,   5 case
[CORRECT] op = 00, d = 0000 ,   6 case
[CORRECT] op = 00, d = 0000 ,   7 case
[CORRECT] op = 00, d = 0000 ,   8 case
[CORRECT] op = 00, d = 0000 ,   9 case
[CORRECT] op = 00, d = 0000 ,  10 case
[CORRECT] op = 00, d = 0000 ,  11 case
[CORRECT] op = 00, d = 0000 ,  12 case
[CORRECT] op = 00, d = 0000 ,  13 case
[CORRECT] op = 00, d = 0000 ,  14 case
[CORRECT] op = 00, d = 0000 ,  15 case
[CORRECT] op = 00, d = 0001 ,  16 case
[CORRECT] op = 00, d = 0000 ,  17 case
[CORRECT] op = 00, d = 0001 ,  18 case
[CORRECT] op = 00, d = 0000 ,  19 case
[CORRECT] op = 00, d = 0001 ,  20 case
[CORRECT] op = 00, d = 0000 ,  21 case
[CORRECT] op = 00, d = 0001 ,  22 case
[CORRECT] op = 00, d = 0000 ,  23 case
[CORRECT] op = 00, d = 0001 ,  24 case
[CORRECT] op = 00, d = 0000 ,  25 case
[CORRECT] op = 00, d = 0001 ,  26 case
[CORRECT] op = 00, d = 0000 ,  27 case
[CORRECT] op = 00, d = 0001 ,  28 case
[CORRECT] op = 00, d = 0000 ,  29 case
[CORRECT] op = 00, d = 0001 ,  30 case
[CORRECT] op = 00, d = 0000 ,  31 case
[CORRECT] op = 00, d = 0000 ,  32 case
[CORRECT] op = 00, d = 0010 ,  33 case
[CORRECT] op = 00, d = 0010 ,  34 case
[CORRECT] op = 00, d = 0000 ,  35 case
[CORRECT] op = 00, d = 0000 ,  36 case
[CORRECT] op = 00, d = 0010 ,  37 case
[CORRECT] op = 00, d = 0010 ,  38 case
[CORRECT] op = 00, d = 0000 ,  39 case
[CORRECT] op = 00, d = 0000 ,  40 case
[CORRECT] op = 00, d = 0010 ,  41 case
[CORRECT] op = 00, d = 0010 ,  42 case
[CORRECT] op = 00, d = 0000 ,  43 case
[CORRECT] op = 00, d = 0000 ,  44 case
[CORRECT] op = 00, d = 0010 ,  45 case
[CORRECT] op = 00, d = 0010 ,  46 case
[CORRECT] op = 00, d = 0000 ,  47 case
[CORRECT] op = 00, d = 0001 ,  48 case
[CORRECT] op = 00, d = 0010 ,  49 case
[CORRECT] op = 00, d = 0011 ,  50 case
[CORRECT] op = 00, d = 0000 ,  51 case
[CORRECT] op = 00, d = 0001 ,  52 case
[CORRECT] op = 00, d = 0010 ,  53 case
[CORRECT] op = 00, d = 0011 ,  54 case
[CORRECT] op = 00, d = 0000 ,  55 case
[CORRECT] op = 00, d = 0001 ,  56 case
[CORRECT] op = 00, d = 0010 ,  57 case
[CORRECT] op = 00, d = 0011 ,  58 case
[CORRECT] op = 00, d = 0000 ,  59 case
[CORRECT] op = 00, d = 0001 ,  60 case
[CORRECT] op = 00, d = 0010 ,  61 case
[CORRECT] op = 00, d = 0011 ,  62 case
[CORRECT] op = 00, d = 0000 ,  63 case
[CORRECT] op = 00, d = 0000 ,  64 case
[CORRECT] op = 00, d = 0000 ,  65 case
[CORRECT] op = 00, d = 0000 ,  66 case
[CORRECT] op = 00, d = 0100 ,  67 case
[CORRECT] op = 00, d = 0100 ,  68 case
[CORRECT] op = 00, d = 0100 ,  69 case
[CORRECT] op = 00, d = 0100 ,  70 case
[CORRECT] op = 00, d = 0000 ,  71 case
[CORRECT] op = 00, d = 0000 ,  72 case
[CORRECT] op = 00, d = 0000 ,  73 case
[CORRECT] op = 00, d = 0000 ,  74 case
[CORRECT] op = 00, d = 0100 ,  75 case
[CORRECT] op = 00, d = 0100 ,  76 case
[CORRECT] op = 00, d = 0100 ,  77 case
[CORRECT] op = 00, d = 0100 ,  78 case
[CORRECT] op = 00, d = 0000 ,  79 case
[CORRECT] op = 00, d = 0001 ,  80 case
[CORRECT] op = 00, d = 0000 ,  81 case
[CORRECT] op = 00, d = 0001 ,  82 case
[CORRECT] op = 00, d = 0100 ,  83 case
[CORRECT] op = 00, d = 0101 ,  84 case
[CORRECT] op = 00, d = 0100 ,  85 case
[CORRECT] op = 00, d = 0101 ,  86 case
[CORRECT] op = 00, d = 0000 ,  87 case
[CORRECT] op = 00, d = 0001 ,  88 case
[CORRECT] op = 00, d = 0000 ,  89 case
[CORRECT] op = 00, d = 0001 ,  90 case
[CORRECT] op = 00, d = 0100 ,  91 case
[CORRECT] op = 00, d = 0101 ,  92 case
[CORRECT] op = 00, d = 0100 ,  93 case
[CORRECT] op = 00, d = 0101 ,  94 case
[CORRECT] op = 00, d = 0000 ,  95 case
[CORRECT] op = 00, d = 0000 ,  96 case
[CORRECT] op = 00, d = 0010 ,  97 case
[CORRECT] op = 00, d = 0010 ,  98 case
[CORRECT] op = 00, d = 0100 ,  99 case
[CORRECT] op = 00, d = 0100 , 100 case
[CORRECT] op = 00, d = 0110 , 101 case
[CORRECT] op = 00, d = 0110 , 102 case
[CORRECT] op = 00, d = 0000 , 103 case
[CORRECT] op = 00, d = 0000 , 104 case
[CORRECT] op = 00, d = 0010 , 105 case
[CORRECT] op = 00, d = 0010 , 106 case
[CORRECT] op = 00, d = 0100 , 107 case
[CORRECT] op = 00, d = 0100 , 108 case
[CORRECT] op = 00, d = 0110 , 109 case
[CORRECT] op = 00, d = 0110 , 110 case
[CORRECT] op = 00, d = 0000 , 111 case
[CORRECT] op = 00, d = 0001 , 112 case
[CORRECT] op = 00, d = 0010 , 113 case
[CORRECT] op = 00, d = 0011 , 114 case
[CORRECT] op = 00, d = 0100 , 115 case
[CORRECT] op = 00, d = 0101 , 116 case
[CORRECT] op = 00, d = 0110 , 117 case
[CORRECT] op = 00, d = 0111 , 118 case
[CORRECT] op = 00, d = 0000 , 119 case
[CORRECT] op = 00, d = 0001 , 120 case
[CORRECT] op = 00, d = 0010 , 121 case
[CORRECT] op = 00, d = 0011 , 122 case
[CORRECT] op = 00, d = 0100 , 123 case
[CORRECT] op = 00, d = 0101 , 124 case
[CORRECT] op = 00, d = 0110 , 125 case
[CORRECT] op = 00, d = 0111 , 126 case
[CORRECT] op = 00, d = 0000 , 127 case
[CORRECT] op = 00, d = 0000 , 128 case
[CORRECT] op = 00, d = 0000 , 129 case
[CORRECT] op = 00, d = 0000 , 130 case
[CORRECT] op = 00, d = 0000 , 131 case
[CORRECT] op = 00, d = 0000 , 132 case
[CORRECT] op = 00, d = 0000 , 133 case
[CORRECT] op = 00, d = 0000 , 134 case
[CORRECT] op = 00, d = 1000 , 135 case
[CORRECT] op = 00, d = 1000 , 136 case
[CORRECT] op = 00, d = 1000 , 137 case
[CORRECT] op = 00, d = 1000 , 138 case
[CORRECT] op = 00, d = 1000 , 139 case
[CORRECT] op = 00, d = 1000 , 140 case
[CORRECT] op = 00, d = 1000 , 141 case
[CORRECT] op = 00, d = 1000 , 142 case
[CORRECT] op = 00, d = 0000 , 143 case
[CORRECT] op = 00, d = 0001 , 144 case
[CORRECT] op = 00, d = 0000 , 145 case
[CORRECT] op = 00, d = 0001 , 146 case
[CORRECT] op = 00, d = 0000 , 147 case
[CORRECT] op = 00, d = 0001 , 148 case
[CORRECT] op = 00, d = 0000 , 149 case
[CORRECT] op = 00, d = 0001 , 150 case
[CORRECT] op = 00, d = 1000 , 151 case
[CORRECT] op = 00, d = 1001 , 152 case
[CORRECT] op = 00, d = 1000 , 153 case
[CORRECT] op = 00, d = 1001 , 154 case
[CORRECT] op = 00, d = 1000 , 155 case
[CORRECT] op = 00, d = 1001 , 156 case
[CORRECT] op = 00, d = 1000 , 157 case
[CORRECT] op = 00, d = 1001 , 158 case
[CORRECT] op = 00, d = 0000 , 159 case
[CORRECT] op = 00, d = 0000 , 160 case
[CORRECT] op = 00, d = 0010 , 161 case
[CORRECT] op = 00, d = 0010 , 162 case
[CORRECT] op = 00, d = 0000 , 163 case
[CORRECT] op = 00, d = 0000 , 164 case
[CORRECT] op = 00, d = 0010 , 165 case
[CORRECT] op = 00, d = 0010 , 166 case
[CORRECT] op = 00, d = 1000 , 167 case
[CORRECT] op = 00, d = 1000 , 168 case
[CORRECT] op = 00, d = 1010 , 169 case
[CORRECT] op = 00, d = 1010 , 170 case
[CORRECT] op = 00, d = 1000 , 171 case
[CORRECT] op = 00, d = 1000 , 172 case
[CORRECT] op = 00, d = 1010 , 173 case
[CORRECT] op = 00, d = 1010 , 174 case
[CORRECT] op = 00, d = 0000 , 175 case
[CORRECT] op = 00, d = 0001 , 176 case
[CORRECT] op = 00, d = 0010 , 177 case
[CORRECT] op = 00, d = 0011 , 178 case
[CORRECT] op = 00, d = 0000 , 179 case
[CORRECT] op = 00, d = 0001 , 180 case
[CORRECT] op = 00, d = 0010 , 181 case
[CORRECT] op = 00, d = 0011 , 182 case
[CORRECT] op = 00, d = 1000 , 183 case
[CORRECT] op = 00, d = 1001 , 184 case
[CORRECT] op = 00, d = 1010 , 185 case
[CORRECT] op = 00, d = 1011 , 186 case
[CORRECT] op = 00, d = 1000 , 187 case
[CORRECT] op = 00, d = 1001 , 188 case
[CORRECT] op = 00, d = 1010 , 189 case
[CORRECT] op = 00, d = 1011 , 190 case
[CORRECT] op = 00, d = 0000 , 191 case
[CORRECT] op = 00, d = 0000 , 192 case
[CORRECT] op = 00, d = 0000 , 193 case
[CORRECT] op = 00, d = 0000 , 194 case
[CORRECT] op = 00, d = 0100 , 195 case
[CORRECT] op = 00, d = 0100 , 196 case
[CORRECT] op = 00, d = 0100 , 197 case
[CORRECT] op = 00, d = 0100 , 198 case
[CORRECT] op = 00, d = 1000 , 199 case
[CORRECT] op = 00, d = 1000 , 200 case
[CORRECT] op = 00, d = 1000 , 201 case
[CORRECT] op = 00, d = 1000 , 202 case
[CORRECT] op = 00, d = 1100 , 203 case
[CORRECT] op = 00, d = 1100 , 204 case
[CORRECT] op = 00, d = 1100 , 205 case
[CORRECT] op = 00, d = 1100 , 206 case
[CORRECT] op = 00, d = 0000 , 207 case
[CORRECT] op = 00, d = 0001 , 208 case
[CORRECT] op = 00, d = 0000 , 209 case
[CORRECT] op = 00, d = 0001 , 210 case
[CORRECT] op = 00, d = 0100 , 211 case
[CORRECT] op = 00, d = 0101 , 212 case
[CORRECT] op = 00, d = 0100 , 213 case
[CORRECT] op = 00, d = 0101 , 214 case
[CORRECT] op = 00, d = 1000 , 215 case
[CORRECT] op = 00, d = 1001 , 216 case
[CORRECT] op = 00, d = 1000 , 217 case
[CORRECT] op = 00, d = 1001 , 218 case
[CORRECT] op = 00, d = 1100 , 219 case
[CORRECT] op = 00, d = 1101 , 220 case
[CORRECT] op = 00, d = 1100 , 221 case
[CORRECT] op = 00, d = 1101 , 222 case
[CORRECT] op = 00, d = 0000 , 223 case
[CORRECT] op = 00, d = 0000 , 224 case
[CORRECT] op = 00, d = 0010 , 225 case
[CORRECT] op = 00, d = 0010 , 226 case
[CORRECT] op = 00, d = 0100 , 227 case
[CORRECT] op = 00, d = 0100 , 228 case
[CORRECT] op = 00, d = 0110 , 229 case
[CORRECT] op = 00, d = 0110 , 230 case
[CORRECT] op = 00, d = 1000 , 231 case
[CORRECT] op = 00, d = 1000 , 232 case
[CORRECT] op = 00, d = 1010 , 233 case
[CORRECT] op = 00, d = 1010 , 234 case
[CORRECT] op = 00, d = 1100 , 235 case
[CORRECT] op = 00, d = 1100 , 236 case
[CORRECT] op = 00, d = 1110 , 237 case
[CORRECT] op = 00, d = 1110 , 238 case
[CORRECT] op = 00, d = 0000 , 239 case
[CORRECT] op = 00, d = 0001 , 240 case
[CORRECT] op = 00, d = 0010 , 241 case
[CORRECT] op = 00, d = 0011 , 242 case
[CORRECT] op = 00, d = 0100 , 243 case
[CORRECT] op = 00, d = 0101 , 244 case
[CORRECT] op = 00, d = 0110 , 245 case
[CORRECT] op = 00, d = 0111 , 246 case
[CORRECT] op = 00, d = 1000 , 247 case
[CORRECT] op = 00, d = 1001 , 248 case
[CORRECT] op = 00, d = 1010 , 249 case
[CORRECT] op = 00, d = 1011 , 250 case
[CORRECT] op = 00, d = 1100 , 251 case
[CORRECT] op = 00, d = 1101 , 252 case
[CORRECT] op = 00, d = 1110 , 253 case
[CORRECT] op = 00, d = 1111 , 254 case
[CORRECT] op = 01, d = 0000 , 255 case
[CORRECT] op = 01, d = 0000 , 256 case
[CORRECT] op = 01, d = 0000 , 257 case
[CORRECT] op = 01, d = 0000 , 258 case
[CORRECT] op = 01, d = 0000 , 259 case
[CORRECT] op = 01, d = 0000 , 260 case
[CORRECT] op = 01, d = 0000 , 261 case
[CORRECT] op = 01, d = 0000 , 262 case
[CORRECT] op = 01, d = 0000 , 263 case
[CORRECT] op = 01, d = 0000 , 264 case
[CORRECT] op = 01, d = 0000 , 265 case
[CORRECT] op = 01, d = 0000 , 266 case
[CORRECT] op = 01, d = 0000 , 267 case
[CORRECT] op = 01, d = 0000 , 268 case
[CORRECT] op = 01, d = 0000 , 269 case
[CORRECT] op = 01, d = 0000 , 270 case
[CORRECT] op = 01, d = 0001 , 271 case
[CORRECT] op = 01, d = 0010 , 272 case
[CORRECT] op = 01, d = 0100 , 273 case
[CORRECT] op = 01, d = 1000 , 274 case
[CORRECT] op = 01, d = 0000 , 275 case
[CORRECT] op = 01, d = 0000 , 276 case
[CORRECT] op = 01, d = 0000 , 277 case
[CORRECT] op = 01, d = 0000 , 278 case
[CORRECT] op = 01, d = 0000 , 279 case
[CORRECT] op = 01, d = 0000 , 280 case
[CORRECT] op = 01, d = 0000 , 281 case
[CORRECT] op = 01, d = 0000 , 282 case
[CORRECT] op = 01, d = 0000 , 283 case
[CORRECT] op = 01, d = 0000 , 284 case
[CORRECT] op = 01, d = 0000 , 285 case
[CORRECT] op = 01, d = 0000 , 286 case
[CORRECT] op = 01, d = 0010 , 287 case
[CORRECT] op = 01, d = 0100 , 288 case
[CORRECT] op = 01, d = 1000 , 289 case
[CORRECT] op = 01, d = 0000 , 290 case
[CORRECT] op = 01, d = 0000 , 291 case
[CORRECT] op = 01, d = 0000 , 292 case
[CORRECT] op = 01, d = 0000 , 293 case
[CORRECT] op = 01, d = 0000 , 294 case
[CORRECT] op = 01, d = 0000 , 295 case
[CORRECT] op = 01, d = 0000 , 296 case
[CORRECT] op = 01, d = 0000 , 297 case
[CORRECT] op = 01, d = 0000 , 298 case
[CORRECT] op = 01, d = 0000 , 299 case
[CORRECT] op = 01, d = 0000 , 300 case
[CORRECT] op = 01, d = 0000 , 301 case
[CORRECT] op = 01, d = 0000 , 302 case
[CORRECT] op = 01, d = 0011 , 303 case
[CORRECT] op = 01, d = 0110 , 304 case
[CORRECT] op = 01, d = 1100 , 305 case
[CORRECT] op = 01, d = 1000 , 306 case
[CORRECT] op = 01, d = 0000 , 307 case
[CORRECT] op = 01, d = 0000 , 308 case
[CORRECT] op = 01, d = 0000 , 309 case
[CORRECT] op = 01, d = 0000 , 310 case
[CORRECT] op = 01, d = 0000 , 311 case
[CORRECT] op = 01, d = 0000 , 312 case
[CORRECT] op = 01, d = 0000 , 313 case
[CORRECT] op = 01, d = 0000 , 314 case
[CORRECT] op = 01, d = 0000 , 315 case
[CORRECT] op = 01, d = 0000 , 316 case
[CORRECT] op = 01, d = 0000 , 317 case
[CORRECT] op = 01, d = 0000 , 318 case
[CORRECT] op = 01, d = 0100 , 319 case
[CORRECT] op = 01, d = 1000 , 320 case
[CORRECT] op = 01, d = 0000 , 321 case
[CORRECT] op = 01, d = 0000 , 322 case
[CORRECT] op = 01, d = 0000 , 323 case
[CORRECT] op = 01, d = 0000 , 324 case
[CORRECT] op = 01, d = 0000 , 325 case
[CORRECT] op = 01, d = 0000 , 326 case
[CORRECT] op = 01, d = 0000 , 327 case
[CORRECT] op = 01, d = 0000 , 328 case
[CORRECT] op = 01, d = 0000 , 329 case
[CORRECT] op = 01, d = 0000 , 330 case
[CORRECT] op = 01, d = 0000 , 331 case
[CORRECT] op = 01, d = 0000 , 332 case
[CORRECT] op = 01, d = 0000 , 333 case
[CORRECT] op = 01, d = 0000 , 334 case
[CORRECT] op = 01, d = 0101 , 335 case
[CORRECT] op = 01, d = 1010 , 336 case
[CORRECT] op = 01, d = 0100 , 337 case
[CORRECT] op = 01, d = 1000 , 338 case
[CORRECT] op = 01, d = 0000 , 339 case
[CORRECT] op = 01, d = 0000 , 340 case
[CORRECT] op = 01, d = 0000 , 341 case
[CORRECT] op = 01, d = 0000 , 342 case
[CORRECT] op = 01, d = 0000 , 343 case
[CORRECT] op = 01, d = 0000 , 344 case
[CORRECT] op = 01, d = 0000 , 345 case
[CORRECT] op = 01, d = 0000 , 346 case
[CORRECT] op = 01, d = 0000 , 347 case
[CORRECT] op = 01, d = 0000 , 348 case
[CORRECT] op = 01, d = 0000 , 349 case
[CORRECT] op = 01, d = 0000 , 350 case
[CORRECT] op = 01, d = 0110 , 351 case
[CORRECT] op = 01, d = 1100 , 352 case
[CORRECT] op = 01, d = 1000 , 353 case
[CORRECT] op = 01, d = 0000 , 354 case
[CORRECT] op = 01, d = 0000 , 355 case
[CORRECT] op = 01, d = 0000 , 356 case
[CORRECT] op = 01, d = 0000 , 357 case
[CORRECT] op = 01, d = 0000 , 358 case
[CORRECT] op = 01, d = 0000 , 359 case
[CORRECT] op = 01, d = 0000 , 360 case
[CORRECT] op = 01, d = 0000 , 361 case
[CORRECT] op = 01, d = 0000 , 362 case
[CORRECT] op = 01, d = 0000 , 363 case
[CORRECT] op = 01, d = 0000 , 364 case
[CORRECT] op = 01, d = 0000 , 365 case
[CORRECT] op = 01, d = 0000 , 366 case
[CORRECT] op = 01, d = 0111 , 367 case
[CORRECT] op = 01, d = 1110 , 368 case
[CORRECT] op = 01, d = 1100 , 369 case
[CORRECT] op = 01, d = 1000 , 370 case
[CORRECT] op = 01, d = 0000 , 371 case
[CORRECT] op = 01, d = 0000 , 372 case
[CORRECT] op = 01, d = 0000 , 373 case
[CORRECT] op = 01, d = 0000 , 374 case
[CORRECT] op = 01, d = 0000 , 375 case
[CORRECT] op = 01, d = 0000 , 376 case
[CORRECT] op = 01, d = 0000 , 377 case
[CORRECT] op = 01, d = 0000 , 378 case
[CORRECT] op = 01, d = 0000 , 379 case
[CORRECT] op = 01, d = 0000 , 380 case
[CORRECT] op = 01, d = 0000 , 381 case
[CORRECT] op = 01, d = 0000 , 382 case
[CORRECT] op = 01, d = 1000 , 383 case
[CORRECT] op = 01, d = 0000 , 384 case
[CORRECT] op = 01, d = 0000 , 385 case
[CORRECT] op = 01, d = 0000 , 386 case
[CORRECT] op = 01, d = 0000 , 387 case
[CORRECT] op = 01, d = 0000 , 388 case
[CORRECT] op = 01, d = 0000 , 389 case
[CORRECT] op = 01, d = 0000 , 390 case
[CORRECT] op = 01, d = 0000 , 391 case
[CORRECT] op = 01, d = 0000 , 392 case
[CORRECT] op = 01, d = 0000 , 393 case
[CORRECT] op = 01, d = 0000 , 394 case
[CORRECT] op = 01, d = 0000 , 395 case
[CORRECT] op = 01, d = 0000 , 396 case
[CORRECT] op = 01, d = 0000 , 397 case
[CORRECT] op = 01, d = 0000 , 398 case
[CORRECT] op = 01, d = 1001 , 399 case
[CORRECT] op = 01, d = 0010 , 400 case
[CORRECT] op = 01, d = 0100 , 401 case
[CORRECT] op = 01, d = 1000 , 402 case
[CORRECT] op = 01, d = 0000 , 403 case
[CORRECT] op = 01, d = 0000 , 404 case
[CORRECT] op = 01, d = 0000 , 405 case
[CORRECT] op = 01, d = 0000 , 406 case
[CORRECT] op = 01, d = 0000 , 407 case
[CORRECT] op = 01, d = 0000 , 408 case
[CORRECT] op = 01, d = 0000 , 409 case
[CORRECT] op = 01, d = 0000 , 410 case
[CORRECT] op = 01, d = 0000 , 411 case
[CORRECT] op = 01, d = 0000 , 412 case
[CORRECT] op = 01, d = 0000 , 413 case
[CORRECT] op = 01, d = 0000 , 414 case
[CORRECT] op = 01, d = 1010 , 415 case
[CORRECT] op = 01, d = 0100 , 416 case
[CORRECT] op = 01, d = 1000 , 417 case
[CORRECT] op = 01, d = 0000 , 418 case
[CORRECT] op = 01, d = 0000 , 419 case
[CORRECT] op = 01, d = 0000 , 420 case
[CORRECT] op = 01, d = 0000 , 421 case
[CORRECT] op = 01, d = 0000 , 422 case
[CORRECT] op = 01, d = 0000 , 423 case
[CORRECT] op = 01, d = 0000 , 424 case
[CORRECT] op = 01, d = 0000 , 425 case
[CORRECT] op = 01, d = 0000 , 426 case
[CORRECT] op = 01, d = 0000 , 427 case
[CORRECT] op = 01, d = 0000 , 428 case
[CORRECT] op = 01, d = 0000 , 429 case
[CORRECT] op = 01, d = 0000 , 430 case
[CORRECT] op = 01, d = 1011 , 431 case
[CORRECT] op = 01, d = 0110 , 432 case
[CORRECT] op = 01, d = 1100 , 433 case
[CORRECT] op = 01, d = 1000 , 434 case
[CORRECT] op = 01, d = 0000 , 435 case
[CORRECT] op = 01, d = 0000 , 436 case
[CORRECT] op = 01, d = 0000 , 437 case
[CORRECT] op = 01, d = 0000 , 438 case
[CORRECT] op = 01, d = 0000 , 439 case
[CORRECT] op = 01, d = 0000 , 440 case
[CORRECT] op = 01, d = 0000 , 441 case
[CORRECT] op = 01, d = 0000 , 442 case
[CORRECT] op = 01, d = 0000 , 443 case
[CORRECT] op = 01, d = 0000 , 444 case
[CORRECT] op = 01, d = 0000 , 445 case
[CORRECT] op = 01, d = 0000 , 446 case
[CORRECT] op = 01, d = 1100 , 447 case
[CORRECT] op = 01, d = 1000 , 448 case
[CORRECT] op = 01, d = 0000 , 449 case
[CORRECT] op = 01, d = 0000 , 450 case
[CORRECT] op = 01, d = 0000 , 451 case
[CORRECT] op = 01, d = 0000 , 452 case
[CORRECT] op = 01, d = 0000 , 453 case
[CORRECT] op = 01, d = 0000 , 454 case
[CORRECT] op = 01, d = 0000 , 455 case
[CORRECT] op = 01, d = 0000 , 456 case
[CORRECT] op = 01, d = 0000 , 457 case
[CORRECT] op = 01, d = 0000 , 458 case
[CORRECT] op = 01, d = 0000 , 459 case
[CORRECT] op = 01, d = 0000 , 460 case
[CORRECT] op = 01, d = 0000 , 461 case
[CORRECT] op = 01, d = 0000 , 462 case
[CORRECT] op = 01, d = 1101 , 463 case
[CORRECT] op = 01, d = 1010 , 464 case
[CORRECT] op = 01, d = 0100 , 465 case
[CORRECT] op = 01, d = 1000 , 466 case
[CORRECT] op = 01, d = 0000 , 467 case
[CORRECT] op = 01, d = 0000 , 468 case
[CORRECT] op = 01, d = 0000 , 469 case
[CORRECT] op = 01, d = 0000 , 470 case
[CORRECT] op = 01, d = 0000 , 471 case
[CORRECT] op = 01, d = 0000 , 472 case
[CORRECT] op = 01, d = 0000 , 473 case
[CORRECT] op = 01, d = 0000 , 474 case
[CORRECT] op = 01, d = 0000 , 475 case
[CORRECT] op = 01, d = 0000 , 476 case
[CORRECT] op = 01, d = 0000 , 477 case
[CORRECT] op = 01, d = 0000 , 478 case
[CORRECT] op = 01, d = 1110 , 479 case
[CORRECT] op = 01, d = 1100 , 480 case
[CORRECT] op = 01, d = 1000 , 481 case
[CORRECT] op = 01, d = 0000 , 482 case
[CORRECT] op = 01, d = 0000 , 483 case
[CORRECT] op = 01, d = 0000 , 484 case
[CORRECT] op = 01, d = 0000 , 485 case
[CORRECT] op = 01, d = 0000 , 486 case
[CORRECT] op = 01, d = 0000 , 487 case
[CORRECT] op = 01, d = 0000 , 488 case
[CORRECT] op = 01, d = 0000 , 489 case
[CORRECT] op = 01, d = 0000 , 490 case
[CORRECT] op = 01, d = 0000 , 491 case
[CORRECT] op = 01, d = 0000 , 492 case
[CORRECT] op = 01, d = 0000 , 493 case
[CORRECT] op = 01, d = 0000 , 494 case
[CORRECT] op = 01, d = 1111 , 495 case
[CORRECT] op = 01, d = 1110 , 496 case
[CORRECT] op = 01, d = 1100 , 497 case
[CORRECT] op = 01, d = 1000 , 498 case
[CORRECT] op = 01, d = 0000 , 499 case
[CORRECT] op = 01, d = 0000 , 500 case
[CORRECT] op = 01, d = 0000 , 501 case
[CORRECT] op = 01, d = 0000 , 502 case
[CORRECT] op = 01, d = 0000 , 503 case
[CORRECT] op = 01, d = 0000 , 504 case
[CORRECT] op = 01, d = 0000 , 505 case
[CORRECT] op = 01, d = 0000 , 506 case
[CORRECT] op = 01, d = 0000 , 507 case
[CORRECT] op = 01, d = 0000 , 508 case
[CORRECT] op = 01, d = 0000 , 509 case
[CORRECT] op = 01, d = 0000 , 510 case
[CORRECT] op = 10, d = 0000 , 511 case
[CORRECT] op = 10, d = 0001 , 512 case
[CORRECT] op = 10, d = 0010 , 513 case
[CORRECT] op = 10, d = 0011 , 514 case
[CORRECT] op = 10, d = 0100 , 515 case
[CORRECT] op = 10, d = 0101 , 516 case
[CORRECT] op = 10, d = 0110 , 517 case
[CORRECT] op = 10, d = 0111 , 518 case
[CORRECT] op = 10, d = 1000 , 519 case
[CORRECT] op = 10, d = 1001 , 520 case
[CORRECT] op = 10, d = 1010 , 521 case
[CORRECT] op = 10, d = 1011 , 522 case
[CORRECT] op = 10, d = 1100 , 523 case
[CORRECT] op = 10, d = 1101 , 524 case
[CORRECT] op = 10, d = 1110 , 525 case
[CORRECT] op = 10, d = 1111 , 526 case
[CORRECT] op = 10, d = 0001 , 527 case
[CORRECT] op = 10, d = 0001 , 528 case
[CORRECT] op = 10, d = 0011 , 529 case
[CORRECT] op = 10, d = 0011 , 530 case
[CORRECT] op = 10, d = 0101 , 531 case
[CORRECT] op = 10, d = 0101 , 532 case
[CORRECT] op = 10, d = 0111 , 533 case
[CORRECT] op = 10, d = 0111 , 534 case
[CORRECT] op = 10, d = 1001 , 535 case
[CORRECT] op = 10, d = 1001 , 536 case
[CORRECT] op = 10, d = 1011 , 537 case
[CORRECT] op = 10, d = 1011 , 538 case
[CORRECT] op = 10, d = 1101 , 539 case
[CORRECT] op = 10, d = 1101 , 540 case
[CORRECT] op = 10, d = 1111 , 541 case
[CORRECT] op = 10, d = 1111 , 542 case
[CORRECT] op = 10, d = 0010 , 543 case
[CORRECT] op = 10, d = 0011 , 544 case
[CORRECT] op = 10, d = 0010 , 545 case
[CORRECT] op = 10, d = 0011 , 546 case
[CORRECT] op = 10, d = 0110 , 547 case
[CORRECT] op = 10, d = 0111 , 548 case
[CORRECT] op = 10, d = 0110 , 549 case
[CORRECT] op = 10, d = 0111 , 550 case
[CORRECT] op = 10, d = 1010 , 551 case
[CORRECT] op = 10, d = 1011 , 552 case
[CORRECT] op = 10, d = 1010 , 553 case
[CORRECT] op = 10, d = 1011 , 554 case
[CORRECT] op = 10, d = 1110 , 555 case
[CORRECT] op = 10, d = 1111 , 556 case
[CORRECT] op = 10, d = 1110 , 557 case
[CORRECT] op = 10, d = 1111 , 558 case
[CORRECT] op = 10, d = 0011 , 559 case
[CORRECT] op = 10, d = 0011 , 560 case
[CORRECT] op = 10, d = 0011 , 561 case
[CORRECT] op = 10, d = 0011 , 562 case
[CORRECT] op = 10, d = 0111 , 563 case
[CORRECT] op = 10, d = 0111 , 564 case
[CORRECT] op = 10, d = 0111 , 565 case
[CORRECT] op = 10, d = 0111 , 566 case
[CORRECT] op = 10, d = 1011 , 567 case
[CORRECT] op = 10, d = 1011 , 568 case
[CORRECT] op = 10, d = 1011 , 569 case
[CORRECT] op = 10, d = 1011 , 570 case
[CORRECT] op = 10, d = 1111 , 571 case
[CORRECT] op = 10, d = 1111 , 572 case
[CORRECT] op = 10, d = 1111 , 573 case
[CORRECT] op = 10, d = 1111 , 574 case
[CORRECT] op = 10, d = 0100 , 575 case
[CORRECT] op = 10, d = 0101 , 576 case
[CORRECT] op = 10, d = 0110 , 577 case
[CORRECT] op = 10, d = 0111 , 578 case
[CORRECT] op = 10, d = 0100 , 579 case
[CORRECT] op = 10, d = 0101 , 580 case
[CORRECT] op = 10, d = 0110 , 581 case
[CORRECT] op = 10, d = 0111 , 582 case
[CORRECT] op = 10, d = 1100 , 583 case
[CORRECT] op = 10, d = 1101 , 584 case
[CORRECT] op = 10, d = 1110 , 585 case
[CORRECT] op = 10, d = 1111 , 586 case
[CORRECT] op = 10, d = 1100 , 587 case
[CORRECT] op = 10, d = 1101 , 588 case
[CORRECT] op = 10, d = 1110 , 589 case
[CORRECT] op = 10, d = 1111 , 590 case
[CORRECT] op = 10, d = 0101 , 591 case
[CORRECT] op = 10, d = 0101 , 592 case
[CORRECT] op = 10, d = 0111 , 593 case
[CORRECT] op = 10, d = 0111 , 594 case
[CORRECT] op = 10, d = 0101 , 595 case
[CORRECT] op = 10, d = 0101 , 596 case
[CORRECT] op = 10, d = 0111 , 597 case
[CORRECT] op = 10, d = 0111 , 598 case
[CORRECT] op = 10, d = 1101 , 599 case
[CORRECT] op = 10, d = 1101 , 600 case
[CORRECT] op = 10, d = 1111 , 601 case
[CORRECT] op = 10, d = 1111 , 602 case
[CORRECT] op = 10, d = 1101 , 603 case
[CORRECT] op = 10, d = 1101 , 604 case
[CORRECT] op = 10, d = 1111 , 605 case
[CORRECT] op = 10, d = 1111 , 606 case
[CORRECT] op = 10, d = 0110 , 607 case
[CORRECT] op = 10, d = 0111 , 608 case
[CORRECT] op = 10, d = 0110 , 609 case
[CORRECT] op = 10, d = 0111 , 610 case
[CORRECT] op = 10, d = 0110 , 611 case
[CORRECT] op = 10, d = 0111 , 612 case
[CORRECT] op = 10, d = 0110 , 613 case
[CORRECT] op = 10, d = 0111 , 614 case
[CORRECT] op = 10, d = 1110 , 615 case
[CORRECT] op = 10, d = 1111 , 616 case
[CORRECT] op = 10, d = 1110 , 617 case
[CORRECT] op = 10, d = 1111 , 618 case
[CORRECT] op = 10, d = 1110 , 619 case
[CORRECT] op = 10, d = 1111 , 620 case
[CORRECT] op = 10, d = 1110 , 621 case
[CORRECT] op = 10, d = 1111 , 622 case
[CORRECT] op = 10, d = 0111 , 623 case
[CORRECT] op = 10, d = 0111 , 624 case
[CORRECT] op = 10, d = 0111 , 625 case
[CORRECT] op = 10, d = 0111 , 626 case
[CORRECT] op = 10, d = 0111 , 627 case
[CORRECT] op = 10, d = 0111 , 628 case
[CORRECT] op = 10, d = 0111 , 629 case
[CORRECT] op = 10, d = 0111 , 630 case
[CORRECT] op = 10, d = 1111 , 631 case
[CORRECT] op = 10, d = 1111 , 632 case
[CORRECT] op = 10, d = 1111 , 633 case
[CORRECT] op = 10, d = 1111 , 634 case
[CORRECT] op = 10, d = 1111 , 635 case
[CORRECT] op = 10, d = 1111 , 636 case
[CORRECT] op = 10, d = 1111 , 637 case
[CORRECT] op = 10, d = 1111 , 638 case
[CORRECT] op = 10, d = 1000 , 639 case
[CORRECT] op = 10, d = 1001 , 640 case
[CORRECT] op = 10, d = 1010 , 641 case
[CORRECT] op = 10, d = 1011 , 642 case
[CORRECT] op = 10, d = 1100 , 643 case
[CORRECT] op = 10, d = 1101 , 644 case
[CORRECT] op = 10, d = 1110 , 645 case
[CORRECT] op = 10, d = 1111 , 646 case
[CORRECT] op = 10, d = 1000 , 647 case
[CORRECT] op = 10, d = 1001 , 648 case
[CORRECT] op = 10, d = 1010 , 649 case
[CORRECT] op = 10, d = 1011 , 650 case
[CORRECT] op = 10, d = 1100 , 651 case
[CORRECT] op = 10, d = 1101 , 652 case
[CORRECT] op = 10, d = 1110 , 653 case
[CORRECT] op = 10, d = 1111 , 654 case
[CORRECT] op = 10, d = 1001 , 655 case
[CORRECT] op = 10, d = 1001 , 656 case
[CORRECT] op = 10, d = 1011 , 657 case
[CORRECT] op = 10, d = 1011 , 658 case
[CORRECT] op = 10, d = 1101 , 659 case
[CORRECT] op = 10, d = 1101 , 660 case
[CORRECT] op = 10, d = 1111 , 661 case
[CORRECT] op = 10, d = 1111 , 662 case
[CORRECT] op = 10, d = 1001 , 663 case
[CORRECT] op = 10, d = 1001 , 664 case
[CORRECT] op = 10, d = 1011 , 665 case
[CORRECT] op = 10, d = 1011 , 666 case
[CORRECT] op = 10, d = 1101 , 667 case
[CORRECT] op = 10, d = 1101 , 668 case
[CORRECT] op = 10, d = 1111 , 669 case
[CORRECT] op = 10, d = 1111 , 670 case
[CORRECT] op = 10, d = 1010 , 671 case
[CORRECT] op = 10, d = 1011 , 672 case
[CORRECT] op = 10, d = 1010 , 673 case
[CORRECT] op = 10, d = 1011 , 674 case
[CORRECT] op = 10, d = 1110 , 675 case
[CORRECT] op = 10, d = 1111 , 676 case
[CORRECT] op = 10, d = 1110 , 677 case
[CORRECT] op = 10, d = 1111 , 678 case
[CORRECT] op = 10, d = 1010 , 679 case
[CORRECT] op = 10, d = 1011 , 680 case
[CORRECT] op = 10, d = 1010 , 681 case
[CORRECT] op = 10, d = 1011 , 682 case
[CORRECT] op = 10, d = 1110 , 683 case
[CORRECT] op = 10, d = 1111 , 684 case
[CORRECT] op = 10, d = 1110 , 685 case
[CORRECT] op = 10, d = 1111 , 686 case
[CORRECT] op = 10, d = 1011 , 687 case
[CORRECT] op = 10, d = 1011 , 688 case
[CORRECT] op = 10, d = 1011 , 689 case
[CORRECT] op = 10, d = 1011 , 690 case
[CORRECT] op = 10, d = 1111 , 691 case
[CORRECT] op = 10, d = 1111 , 692 case
[CORRECT] op = 10, d = 1111 , 693 case
[CORRECT] op = 10, d = 1111 , 694 case
[CORRECT] op = 10, d = 1011 , 695 case
[CORRECT] op = 10, d = 1011 , 696 case
[CORRECT] op = 10, d = 1011 , 697 case
[CORRECT] op = 10, d = 1011 , 698 case
[CORRECT] op = 10, d = 1111 , 699 case
[CORRECT] op = 10, d = 1111 , 700 case
[CORRECT] op = 10, d = 1111 , 701 case
[CORRECT] op = 10, d = 1111 , 702 case
[CORRECT] op = 10, d = 1100 , 703 case
[CORRECT] op = 10, d = 1101 , 704 case
[CORRECT] op = 10, d = 1110 , 705 case
[CORRECT] op = 10, d = 1111 , 706 case
[CORRECT] op = 10, d = 1100 , 707 case
[CORRECT] op = 10, d = 1101 , 708 case
[CORRECT] op = 10, d = 1110 , 709 case
[CORRECT] op = 10, d = 1111 , 710 case
[CORRECT] op = 10, d = 1100 , 711 case
[CORRECT] op = 10, d = 1101 , 712 case
[CORRECT] op = 10, d = 1110 , 713 case
[CORRECT] op = 10, d = 1111 , 714 case
[CORRECT] op = 10, d = 1100 , 715 case
[CORRECT] op = 10, d = 1101 , 716 case
[CORRECT] op = 10, d = 1110 , 717 case
[CORRECT] op = 10, d = 1111 , 718 case
[CORRECT] op = 10, d = 1101 , 719 case
[CORRECT] op = 10, d = 1101 , 720 case
[CORRECT] op = 10, d = 1111 , 721 case
[CORRECT] op = 10, d = 1111 , 722 case
[CORRECT] op = 10, d = 1101 , 723 case
[CORRECT] op = 10, d = 1101 , 724 case
[CORRECT] op = 10, d = 1111 , 725 case
[CORRECT] op = 10, d = 1111 , 726 case
[CORRECT] op = 10, d = 1101 , 727 case
[CORRECT] op = 10, d = 1101 , 728 case
[CORRECT] op = 10, d = 1111 , 729 case
[CORRECT] op = 10, d = 1111 , 730 case
[CORRECT] op = 10, d = 1101 , 731 case
[CORRECT] op = 10, d = 1101 , 732 case
[CORRECT] op = 10, d = 1111 , 733 case
[CORRECT] op = 10, d = 1111 , 734 case
[CORRECT] op = 10, d = 1110 , 735 case
[CORRECT] op = 10, d = 1111 , 736 case
[CORRECT] op = 10, d = 1110 , 737 case
[CORRECT] op = 10, d = 1111 , 738 case
[CORRECT] op = 10, d = 1110 , 739 case
[CORRECT] op = 10, d = 1111 , 740 case
[CORRECT] op = 10, d = 1110 , 741 case
[CORRECT] op = 10, d = 1111 , 742 case
[CORRECT] op = 10, d = 1110 , 743 case
[CORRECT] op = 10, d = 1111 , 744 case
[CORRECT] op = 10, d = 1110 , 745 case
[CORRECT] op = 10, d = 1111 , 746 case
[CORRECT] op = 10, d = 1110 , 747 case
[CORRECT] op = 10, d = 1111 , 748 case
[CORRECT] op = 10, d = 1110 , 749 case
[CORRECT] op = 10, d = 1111 , 750 case
[CORRECT] op = 10, d = 1111 , 751 case
[CORRECT] op = 10, d = 1111 , 752 case
[CORRECT] op = 10, d = 1111 , 753 case
[CORRECT] op = 10, d = 1111 , 754 case
[CORRECT] op = 10, d = 1111 , 755 case
[CORRECT] op = 10, d = 1111 , 756 case
[CORRECT] op = 10, d = 1111 , 757 case
[CORRECT] op = 10, d = 1111 , 758 case
[CORRECT] op = 10, d = 1111 , 759 case
[CORRECT] op = 10, d = 1111 , 760 case
[CORRECT] op = 10, d = 1111 , 761 case
[CORRECT] op = 10, d = 1111 , 762 case
[CORRECT] op = 10, d = 1111 , 763 case
[CORRECT] op = 10, d = 1111 , 764 case
[CORRECT] op = 10, d = 1111 , 765 case
[CORRECT] op = 10, d = 1111 , 766 case
[CORRECT] op = 11, d = 0000 , 767 case
[CORRECT] op = 11, d = 0000 , 768 case
[CORRECT] op = 11, d = 0000 , 769 case
[CORRECT] op = 11, d = 0000 , 770 case
[CORRECT] op = 11, d = 0000 , 771 case
[CORRECT] op = 11, d = 0000 , 772 case
[CORRECT] op = 11, d = 0000 , 773 case
[CORRECT] op = 11, d = 0000 , 774 case
[CORRECT] op = 11, d = 0000 , 775 case
[CORRECT] op = 11, d = 0000 , 776 case
[CORRECT] op = 11, d = 0000 , 777 case
[CORRECT] op = 11, d = 0000 , 778 case
[CORRECT] op = 11, d = 0000 , 779 case
[CORRECT] op = 11, d = 0000 , 780 case
[CORRECT] op = 11, d = 0000 , 781 case
[CORRECT] op = 11, d = 0000 , 782 case
[CORRECT] op = 11, d = 0001 , 783 case
[CORRECT] op = 11, d = 0000 , 784 case
[CORRECT] op = 11, d = 0000 , 785 case
[CORRECT] op = 11, d = 0000 , 786 case
[CORRECT] op = 11, d = 0000 , 787 case
[CORRECT] op = 11, d = 0000 , 788 case
[CORRECT] op = 11, d = 0000 , 789 case
[CORRECT] op = 11, d = 0000 , 790 case
[CORRECT] op = 11, d = 0000 , 791 case
[CORRECT] op = 11, d = 0000 , 792 case
[CORRECT] op = 11, d = 0000 , 793 case
[CORRECT] op = 11, d = 0000 , 794 case
[CORRECT] op = 11, d = 0000 , 795 case
[CORRECT] op = 11, d = 0000 , 796 case
[CORRECT] op = 11, d = 0000 , 797 case
[CORRECT] op = 11, d = 0000 , 798 case
[CORRECT] op = 11, d = 0010 , 799 case
[CORRECT] op = 11, d = 0001 , 800 case
[CORRECT] op = 11, d = 0000 , 801 case
[CORRECT] op = 11, d = 0000 , 802 case
[CORRECT] op = 11, d = 0000 , 803 case
[CORRECT] op = 11, d = 0000 , 804 case
[CORRECT] op = 11, d = 0000 , 805 case
[CORRECT] op = 11, d = 0000 , 806 case
[CORRECT] op = 11, d = 0000 , 807 case
[CORRECT] op = 11, d = 0000 , 808 case
[CORRECT] op = 11, d = 0000 , 809 case
[CORRECT] op = 11, d = 0000 , 810 case
[CORRECT] op = 11, d = 0000 , 811 case
[CORRECT] op = 11, d = 0000 , 812 case
[CORRECT] op = 11, d = 0000 , 813 case
[CORRECT] op = 11, d = 0000 , 814 case
[CORRECT] op = 11, d = 0011 , 815 case
[CORRECT] op = 11, d = 0001 , 816 case
[CORRECT] op = 11, d = 0000 , 817 case
[CORRECT] op = 11, d = 0000 , 818 case
[CORRECT] op = 11, d = 0000 , 819 case
[CORRECT] op = 11, d = 0000 , 820 case
[CORRECT] op = 11, d = 0000 , 821 case
[CORRECT] op = 11, d = 0000 , 822 case
[CORRECT] op = 11, d = 0000 , 823 case
[CORRECT] op = 11, d = 0000 , 824 case
[CORRECT] op = 11, d = 0000 , 825 case
[CORRECT] op = 11, d = 0000 , 826 case
[CORRECT] op = 11, d = 0000 , 827 case
[CORRECT] op = 11, d = 0000 , 828 case
[CORRECT] op = 11, d = 0000 , 829 case
[CORRECT] op = 11, d = 0000 , 830 case
[CORRECT] op = 11, d = 0100 , 831 case
[CORRECT] op = 11, d = 0010 , 832 case
[CORRECT] op = 11, d = 0001 , 833 case
[CORRECT] op = 11, d = 0000 , 834 case
[CORRECT] op = 11, d = 0000 , 835 case
[CORRECT] op = 11, d = 0000 , 836 case
[CORRECT] op = 11, d = 0000 , 837 case
[CORRECT] op = 11, d = 0000 , 838 case
[CORRECT] op = 11, d = 0000 , 839 case
[CORRECT] op = 11, d = 0000 , 840 case
[CORRECT] op = 11, d = 0000 , 841 case
[CORRECT] op = 11, d = 0000 , 842 case
[CORRECT] op = 11, d = 0000 , 843 case
[CORRECT] op = 11, d = 0000 , 844 case
[CORRECT] op = 11, d = 0000 , 845 case
[CORRECT] op = 11, d = 0000 , 846 case
[CORRECT] op = 11, d = 0101 , 847 case
[CORRECT] op = 11, d = 0010 , 848 case
[CORRECT] op = 11, d = 0001 , 849 case
[CORRECT] op = 11, d = 0000 , 850 case
[CORRECT] op = 11, d = 0000 , 851 case
[CORRECT] op = 11, d = 0000 , 852 case
[CORRECT] op = 11, d = 0000 , 853 case
[CORRECT] op = 11, d = 0000 , 854 case
[CORRECT] op = 11, d = 0000 , 855 case
[CORRECT] op = 11, d = 0000 , 856 case
[CORRECT] op = 11, d = 0000 , 857 case
[CORRECT] op = 11, d = 0000 , 858 case
[CORRECT] op = 11, d = 0000 , 859 case
[CORRECT] op = 11, d = 0000 , 860 case
[CORRECT] op = 11, d = 0000 , 861 case
[CORRECT] op = 11, d = 0000 , 862 case
[CORRECT] op = 11, d = 0110 , 863 case
[CORRECT] op = 11, d = 0011 , 864 case
[CORRECT] op = 11, d = 0001 , 865 case
[CORRECT] op = 11, d = 0000 , 866 case
[CORRECT] op = 11, d = 0000 , 867 case
[CORRECT] op = 11, d = 0000 , 868 case
[CORRECT] op = 11, d = 0000 , 869 case
[CORRECT] op = 11, d = 0000 , 870 case
[CORRECT] op = 11, d = 0000 , 871 case
[CORRECT] op = 11, d = 0000 , 872 case
[CORRECT] op = 11, d = 0000 , 873 case
[CORRECT] op = 11, d = 0000 , 874 case
[CORRECT] op = 11, d = 0000 , 875 case
[CORRECT] op = 11, d = 0000 , 876 case
[CORRECT] op = 11, d = 0000 , 877 case
[CORRECT] op = 11, d = 0000 , 878 case
[CORRECT] op = 11, d = 0111 , 879 case
[CORRECT] op = 11, d = 0011 , 880 case
[CORRECT] op = 11, d = 0001 , 881 case
[CORRECT] op = 11, d = 0000 , 882 case
[CORRECT] op = 11, d = 0000 , 883 case
[CORRECT] op = 11, d = 0000 , 884 case
[CORRECT] op = 11, d = 0000 , 885 case
[CORRECT] op = 11, d = 0000 , 886 case
[CORRECT] op = 11, d = 0000 , 887 case
[CORRECT] op = 11, d = 0000 , 888 case
[CORRECT] op = 11, d = 0000 , 889 case
[CORRECT] op = 11, d = 0000 , 890 case
[CORRECT] op = 11, d = 0000 , 891 case
[CORRECT] op = 11, d = 0000 , 892 case
[CORRECT] op = 11, d = 0000 , 893 case
[CORRECT] op = 11, d = 0000 , 894 case
[CORRECT] op = 11, d = 1000 , 895 case
[CORRECT] op = 11, d = 0100 , 896 case
[CORRECT] op = 11, d = 0010 , 897 case
[CORRECT] op = 11, d = 0001 , 898 case
[CORRECT] op = 11, d = 0000 , 899 case
[CORRECT] op = 11, d = 0000 , 900 case
[CORRECT] op = 11, d = 0000 , 901 case
[CORRECT] op = 11, d = 0000 , 902 case
[CORRECT] op = 11, d = 0000 , 903 case
[CORRECT] op = 11, d = 0000 , 904 case
[CORRECT] op = 11, d = 0000 , 905 case
[CORRECT] op = 11, d = 0000 , 906 case
[CORRECT] op = 11, d = 0000 , 907 case
[CORRECT] op = 11, d = 0000 , 908 case
[CORRECT] op = 11, d = 0000 , 909 case
[CORRECT] op = 11, d = 0000 , 910 case
[CORRECT] op = 11, d = 1001 , 911 case
[CORRECT] op = 11, d = 0100 , 912 case
[CORRECT] op = 11, d = 0010 , 913 case
[CORRECT] op = 11, d = 0001 , 914 case
[CORRECT] op = 11, d = 0000 , 915 case
[CORRECT] op = 11, d = 0000 , 916 case
[CORRECT] op = 11, d = 0000 , 917 case
[CORRECT] op = 11, d = 0000 , 918 case
[CORRECT] op = 11, d = 0000 , 919 case
[CORRECT] op = 11, d = 0000 , 920 case
[CORRECT] op = 11, d = 0000 , 921 case
[CORRECT] op = 11, d = 0000 , 922 case
[CORRECT] op = 11, d = 0000 , 923 case
[CORRECT] op = 11, d = 0000 , 924 case
[CORRECT] op = 11, d = 0000 , 925 case
[CORRECT] op = 11, d = 0000 , 926 case
[CORRECT] op = 11, d = 1010 , 927 case
[CORRECT] op = 11, d = 0101 , 928 case
[CORRECT] op = 11, d = 0010 , 929 case
[CORRECT] op = 11, d = 0001 , 930 case
[CORRECT] op = 11, d = 0000 , 931 case
[CORRECT] op = 11, d = 0000 , 932 case
[CORRECT] op = 11, d = 0000 , 933 case
[CORRECT] op = 11, d = 0000 , 934 case
[CORRECT] op = 11, d = 0000 , 935 case
[CORRECT] op = 11, d = 0000 , 936 case
[CORRECT] op = 11, d = 0000 , 937 case
[CORRECT] op = 11, d = 0000 , 938 case
[CORRECT] op = 11, d = 0000 , 939 case
[CORRECT] op = 11, d = 0000 , 940 case
[CORRECT] op = 11, d = 0000 , 941 case
[CORRECT] op = 11, d = 0000 , 942 case
[CORRECT] op = 11, d = 1011 , 943 case
[CORRECT] op = 11, d = 0101 , 944 case
[CORRECT] op = 11, d = 0010 , 945 case
[CORRECT] op = 11, d = 0001 , 946 case
[CORRECT] op = 11, d = 0000 , 947 case
[CORRECT] op = 11, d = 0000 , 948 case
[CORRECT] op = 11, d = 0000 , 949 case
[CORRECT] op = 11, d = 0000 , 950 case
[CORRECT] op = 11, d = 0000 , 951 case
[CORRECT] op = 11, d = 0000 , 952 case
[CORRECT] op = 11, d = 0000 , 953 case
[CORRECT] op = 11, d = 0000 , 954 case
[CORRECT] op = 11, d = 0000 , 955 case
[CORRECT] op = 11, d = 0000 , 956 case
[CORRECT] op = 11, d = 0000 , 957 case
[CORRECT] op = 11, d = 0000 , 958 case
[CORRECT] op = 11, d = 1100 , 959 case
[CORRECT] op = 11, d = 0110 , 960 case
[CORRECT] op = 11, d = 0011 , 961 case
[CORRECT] op = 11, d = 0001 , 962 case
[CORRECT] op = 11, d = 0000 , 963 case
[CORRECT] op = 11, d = 0000 , 964 case
[CORRECT] op = 11, d = 0000 , 965 case
[CORRECT] op = 11, d = 0000 , 966 case
[CORRECT] op = 11, d = 0000 , 967 case
[CORRECT] op = 11, d = 0000 , 968 case
[CORRECT] op = 11, d = 0000 , 969 case
[CORRECT] op = 11, d = 0000 , 970 case
[CORRECT] op = 11, d = 0000 , 971 case
[CORRECT] op = 11, d = 0000 , 972 case
[CORRECT] op = 11, d = 0000 , 973 case
[CORRECT] op = 11, d = 0000 , 974 case
[CORRECT] op = 11, d = 1101 , 975 case
[CORRECT] op = 11, d = 0110 , 976 case
[CORRECT] op = 11, d = 0011 , 977 case
[CORRECT] op = 11, d = 0001 , 978 case
[CORRECT] op = 11, d = 0000 , 979 case
[CORRECT] op = 11, d = 0000 , 980 case
[CORRECT] op = 11, d = 0000 , 981 case
[CORRECT] op = 11, d = 0000 , 982 case
[CORRECT] op = 11, d = 0000 , 983 case
[CORRECT] op = 11, d = 0000 , 984 case
[CORRECT] op = 11, d = 0000 , 985 case
[CORRECT] op = 11, d = 0000 , 986 case
[CORRECT] op = 11, d = 0000 , 987 case
[CORRECT] op = 11, d = 0000 , 988 case
[CORRECT] op = 11, d = 0000 , 989 case
[CORRECT] op = 11, d = 0000 , 990 case
[CORRECT] op = 11, d = 1110 , 991 case
[CORRECT] op = 11, d = 0111 , 992 case
[CORRECT] op = 11, d = 0011 , 993 case
[CORRECT] op = 11, d = 0001 , 994 case
[CORRECT] op = 11, d = 0000 , 995 case
[CORRECT] op = 11, d = 0000 , 996 case
[CORRECT] op = 11, d = 0000 , 997 case
[CORRECT] op = 11, d = 0000 , 998 case
[CORRECT] op = 11, d = 0000 , 999 case
[CORRECT] op = 11, d = 0000 ,1000 case
[CORRECT] op = 11, d = 0000 ,1001 case
[CORRECT] op = 11, d = 0000 ,1002 case
[CORRECT] op = 11, d = 0000 ,1003 case
[CORRECT] op = 11, d = 0000 ,1004 case
[CORRECT] op = 11, d = 0000 ,1005 case
[CORRECT] op = 11, d = 0000 ,1006 case
[CORRECT] op = 11, d = 1111 ,1007 case
[CORRECT] op = 11, d = 0111 ,1008 case
[CORRECT] op = 11, d = 0011 ,1009 case
[CORRECT] op = 11, d = 0001 ,1010 case
[CORRECT] op = 11, d = 0000 ,1011 case
[CORRECT] op = 11, d = 0000 ,1012 case
[CORRECT] op = 11, d = 0000 ,1013 case
[CORRECT] op = 11, d = 0000 ,1014 case
[CORRECT] op = 11, d = 0000 ,1015 case
[CORRECT] op = 11, d = 0000 ,1016 case
[CORRECT] op = 11, d = 0000 ,1017 case
[CORRECT] op = 11, d = 0000 ,1018 case
[CORRECT] op = 11, d = 0000 ,1019 case
[CORRECT] op = 11, d = 0000 ,1020 case
[CORRECT] op = 11, d = 0000 ,1021 case
[CORRECT] op = 11, d = 0000 ,1022 case
[CORRECT] op = 00, d = 0000 ,1023 case
All Correct!!
$finish called at time : 5120 ns : File "C:/Users/user/verilog101/verilog101.srcs/sim_1/imports/testbench/lab1_1_t.v" Line 57
